T0A78 000:000.278   SEGGER J-Link V7.96j Log File
T0A78 000:000.346   DLL Compiled: May 29 2024 15:36:36
T0A78 000:000.349   Logging started @ 2024-09-22 17:46
T0A78 000:000.352   Process: C:\Users\admin\.eclipse\com.renesas.platform_311883101\DebugComp\RA\e2-server-gdb.exe
T0A78 000:000.356 - 0.355ms
T0A78 000:000.363 JLINK_GetDLLVersion()
T0A78 000:000.367 - 0.003ms returns 79610
T0A78 000:000.780 JLINK_OpenEx(...)
T0A78 000:004.468   Firmware: J-Link OB-S124 compiled Apr 23 2024 10:48:24
T0A78 000:005.517   Firmware: J-Link OB-S124 compiled Apr 23 2024 10:48:24
T0A78 000:029.817   Hardware: V1.00
T0A78 000:029.831   S/N: 831186127
T0A78 000:029.836   OEM: SEGGER
T0A78 000:029.851   Feature(s): None
T0A78 000:030.812   Bootloader: 2019 Oct 15
T0A78 000:031.695   USB speed mode: Full speed (12 MBit/s)
T0A78 000:032.443   TELNET listener socket opened on port 19021
T0A78 000:032.548   WEBSRV WEBSRV_Init(): Starting webserver thread(s)
T0A78 000:032.674   WEBSRV Webserver running on local port 19080
T0A78 000:032.765   Looking for J-Link GUI Server exe at: C:\Users\admin\.eclipse\com.renesas.platform_311883101\DebugComp\RA\ARM\Segger_v7.96.10\JLinkGUIServer.exe
T0A78 000:032.921   Looking for J-Link GUI Server exe at: \JLinkGUIServer.exe
T0A78 000:335.278   Failed to connect to J-Link GUI Server.
T0A78 000:335.323 - 334.536ms returns "O.K."
T0A78 000:335.478 JLINK_ExecCommand("ProjectFile=D:\KySuBachKhoa\CongNgheIOT\OnGK_IOT\LedNhapNhayTuanTu01/LedNhapNhayTuanTu01 Debug_Flat.jlink", ...). 
T0A78 000:354.674 - 19.203ms returns 0x00
T0A78 000:354.933 JLINK_ExecCommand("device=R7FA6M5BH", ...). 
T0A78 000:355.663   Flash bank @ 0x0100A100: SFL: Parsing sectorization info from ELF file
T0A78 000:355.676     FlashDevice.SectorInfo[0]: .SectorSize = 0x00000010, .SectorStartAddr = 0x00000000
T0A78 000:355.680   FlashBank @0x0100A100: Sectorization info from SFL ELF file ignored because sectorization override from DLL / XML file is active.
T0A78 000:356.015   Flash bank @ 0x60000000: SFL: Parsing sectorization info from ELF file
T0A78 000:356.022     FlashDevice.SectorInfo[0]: .SectorSize = 0x00010000, .SectorStartAddr = 0x00000000
T0A78 000:358.733   Device "R7FA6M5BH" selected.
T0A78 000:358.926 - 3.987ms returns 0x00
T0A78 000:358.934 JLINK_TIF_GetAvailable(...)
T0A78 000:359.220 - 0.287ms
T0A78 000:359.230 JLINK_TIF_Select(JLINKARM_TIF_SWD)
T0A78 000:360.171 - 0.940ms returns 0x00
T0A78 000:360.181 JLINK_SetSpeed(4000)
T0A78 000:360.324 - 0.143ms
T0A78 000:360.336 JLINK_ReadMem(0xE000EDF0, 0x4 Bytes, ...)
T0A78 000:360.729   ConfigTargetSettings() start
T0A78 000:360.739    J-Link Script File: Executing ConfigTargetSettings()
T0A78 000:360.745   Configuring FlashDLNoRMWThreshold=0x200 in order to make sure that option bytes programming is done via read-modify-write
T0A78 000:363.981   ConfigTargetSettings() end - Took 3.24ms
T0A78 000:363.990   InitTarget() start
T0A78 000:363.998    J-Link Script File: Executing InitTarget()
T0A78 000:364.003   SWD selected. Executing JTAG -> SWD switching sequence.
T0A78 000:367.141   DAP initialized successfully.
T0A78 000:367.171   Determining TrustZone configuration...
T0A78 000:369.122     Secure Debug: Enabled (SSD)
T0A78 000:369.134   Determining currently configured transfer type by reading the AHB-AP CSW register.
T0A78 000:370.609     --> Correct transfer type configured. Done.
T0A78 000:370.629   InitTarget() end - Took 6.62ms
T0A78 000:371.596   Found SW-DP with ID 0x6BA02477
T0A78 000:375.638   DPIDR: 0x6BA02477
T0A78 000:375.679   CoreSight SoC-400 or earlier
T0A78 000:375.707   Scanning AP map to find all available APs
T0A78 000:377.559   AP[2]: Stopped AP scan as end of AP map has been reached
T0A78 000:377.594   AP[0]: AHB-AP (IDR: 0x84770001)
T0A78 000:377.614   AP[1]: APB-AP (IDR: 0x54770002)
T0A78 000:377.618   Iterating through AP map to find AHB-AP to use
T0A78 000:379.220   AP[0]: Core found
T0A78 000:379.225   AP[0]: AHB-AP ROM base: 0xE00FE000
T0A78 000:379.990   CPUID register: 0x410FD214. Implementer code: 0x41 (ARM)
T0A78 000:380.012   Feature set: Mainline
T0A78 000:380.894   Cache: No cache
T0A78 000:380.913   Found Cortex-M33 r0p4, Little endian.
T0A78 000:381.436   -- Max. mem block: 0x00001960
T0A78 000:382.953   CPU_ReadMem(4 bytes @ 0xE000EDF0)
T0A78 000:383.975   CPU_ReadMem(4 bytes @ 0xE0002000)
T0A78 000:384.528   FPUnit: 8 code (BP) slots and 0 literal slots
T0A78 000:384.533   CPU_ReadMem(4 bytes @ 0xE000EDFC)
T0A78 000:385.114   CPU_ReadMem(4 bytes @ 0xE0001000)
T0A78 000:385.727   CPU_ReadMem(4 bytes @ 0xE0001000)
T0A78 000:386.337   CPU_ReadMem(4 bytes @ 0xE0001028)
T0A78 000:386.997   CPU_ReadMem(4 bytes @ 0xE0001038)
T0A78 000:387.597   CPU_ReadMem(4 bytes @ 0xE0001048)
T0A78 000:388.170   CPU_ReadMem(4 bytes @ 0xE0001058)
T0A78 000:388.843   CPU_WriteMem(4 bytes @ 0xE0001000)
T0A78 000:389.421   CPU_ReadMem(4 bytes @ 0xE000ED88)
T0A78 000:390.065   CPU_WriteMem(4 bytes @ 0xE000ED88)
T0A78 000:390.674   CPU_ReadMem(4 bytes @ 0xE000ED88)
T0A78 000:391.323   CPU_WriteMem(4 bytes @ 0xE000ED88)
T0A78 000:391.942   CPU_ReadMem(4 bytes @ 0xE000EFB8)
T0A78 000:392.556   Security extension: implemented
T0A78 000:392.563   Secure debug: enabled
T0A78 000:392.567   CoreSight components:
T0A78 000:392.571   ROMTbl[0] @ E00FE000
T0A78 000:392.577   CPU_ReadMem(64 bytes @ 0xE00FE000)
T0A78 000:393.883   CPU_ReadMem(32 bytes @ 0xE0044FE0)
T0A78 000:394.977   CPU_ReadMem(4 bytes @ 0xE0044FBC)
T0A78 000:395.688   CPU_ReadMem(4 bytes @ 0xE0044FCC)
T0A78 000:396.312   [0][0]: E0044000 CID B105900D PID 005BB906 DEVARCH 00000000 DEVTYPE 14 CTI (?)
T0A78 000:396.317   CPU_ReadMem(32 bytes @ 0xE0047FE0)
T0A78 000:397.268   CPU_ReadMem(4 bytes @ 0xE0047FBC)
T0A78 000:397.938   CPU_ReadMem(4 bytes @ 0xE0047FCC)
T0A78 000:398.528   [0][1]: E0047000 CID B105900D PID 003BB908 DEVARCH 00000000 DEVTYPE 12 CSTF
T0A78 000:398.533   CPU_ReadMem(32 bytes @ 0xE0048FE0)
T0A78 000:399.443   CPU_ReadMem(4 bytes @ 0xE0048FBC)
T0A78 000:400.088   CPU_ReadMem(4 bytes @ 0xE0048FCC)
T0A78 000:400.636   [0][2]: E0048000 CID B105900D PID 001BB961 DEVARCH 00000000 DEVTYPE 21 ETB
T0A78 000:400.643   CPU_ReadMem(32 bytes @ 0xE0049FE0)
T0A78 000:401.607   [0][3]: E0049000 CID B105F00D PID 001BB101 TSG
T0A78 000:401.619   CPU_ReadMem(32 bytes @ 0xE0040FE0)
T0A78 000:402.563   CPU_ReadMem(4 bytes @ 0xE0040FBC)
T0A78 000:403.227   CPU_ReadMem(4 bytes @ 0xE0040FCC)
T0A78 000:403.882   [0][4]: E0040000 CID B105900D PID 000BBD21 DEVARCH 00000000 DEVTYPE 11 TPIU
T0A78 000:403.900   CPU_ReadMem(32 bytes @ 0xE00FFFE0)
T0A78 000:404.795   [0][5]: E00FF000 CID B105100D PID 000BB4C9 ROM Table
T0A78 000:404.801   ROMTbl[1] @ E00FF000
T0A78 000:404.807   CPU_ReadMem(64 bytes @ 0xE00FF000)
T0A78 000:406.233   CPU_ReadMem(32 bytes @ 0xE000EFE0)
T0A78 000:407.169   CPU_ReadMem(4 bytes @ 0xE000EFBC)
T0A78 000:407.816   CPU_ReadMem(4 bytes @ 0xE000EFCC)
T0A78 000:408.435   [1][0]: E000E000 CID B105900D PID 000BBD21 DEVARCH 47702A04 DEVTYPE 00 Cortex-M33
T0A78 000:408.448   CPU_ReadMem(32 bytes @ 0xE0001FE0)
T0A78 000:409.377   CPU_ReadMem(4 bytes @ 0xE0001FBC)
T0A78 000:409.995   CPU_ReadMem(4 bytes @ 0xE0001FCC)
T0A78 000:410.689   [1][1]: E0001000 CID B105900D PID 000BBD21 DEVARCH 47701A02 DEVTYPE 00 DWT
T0A78 000:410.703   CPU_ReadMem(32 bytes @ 0xE0002FE0)
T0A78 000:411.602   CPU_ReadMem(4 bytes @ 0xE0002FBC)
T0A78 000:412.251   CPU_ReadMem(4 bytes @ 0xE0002FCC)
T0A78 000:412.939   [1][2]: E0002000 CID B105900D PID 000BBD21 DEVARCH 47701A03 DEVTYPE 00 FPB
T0A78 000:412.949   CPU_ReadMem(32 bytes @ 0xE0000FE0)
T0A78 000:413.939   CPU_ReadMem(4 bytes @ 0xE0000FBC)
T0A78 000:414.587   CPU_ReadMem(4 bytes @ 0xE0000FCC)
T0A78 000:415.205   [1][3]: E0000000 CID B105900D PID 000BBD21 DEVARCH 47701A01 DEVTYPE 43 ITM
T0A78 000:415.221   CPU_ReadMem(32 bytes @ 0xE0041FE0)
T0A78 000:416.234   CPU_ReadMem(4 bytes @ 0xE0041FBC)
T0A78 000:416.952   CPU_ReadMem(4 bytes @ 0xE0041FCC)
T0A78 000:417.566   [1][5]: E0041000 CID B105900D PID 002BBD21 DEVARCH 47724A13 DEVTYPE 13 ETM
T0A78 000:417.590   CPU_ReadMem(32 bytes @ 0xE0042FE0)
T0A78 000:418.553   CPU_ReadMem(4 bytes @ 0xE0042FBC)
T0A78 000:419.226   CPU_ReadMem(4 bytes @ 0xE0042FCC)
T0A78 000:419.884   [1][6]: E0042000 CID B105900D PID 000BBD21 DEVARCH 47701A14 DEVTYPE 14 CSS600-CTI
T0A78 000:419.939   CPU_ReadMem(4 bytes @ 0xE000EDF0)
T0A78 000:420.520   Data:  03 00 13 00
T0A78 000:420.533   Debug reg: DHCSR
T0A78 000:420.542 - 60.205ms returns 0
T0A78 000:420.601 JLINK_ReadMem(0x400E002C, 0x4 Bytes, ...)
T0A78 000:420.611   CPU_ReadMem(4 bytes @ 0x400E002C)
T0A78 000:421.231   Data:  02 00 00 00
T0A78 000:421.259 - 0.657ms returns 0
T0A78 000:421.290 JLINK_ReadMem(0xE000EDF0, 0x4 Bytes, ...)
T0A78 000:421.298   CPU_ReadMem(4 bytes @ 0xE000EDF0)
T0A78 000:421.879   Data:  03 00 13 00
T0A78 000:421.907   Debug reg: DHCSR
T0A78 000:421.917 - 0.627ms returns 0
T0A78 000:421.938 JLINK_ReadMem(0xE000EDF0, 0x4 Bytes, ...)
T0A78 000:421.947   CPU_ReadMem(4 bytes @ 0xE000EDF0)
T0A78 000:422.524   Data:  03 00 13 00
T0A78 000:422.542   Debug reg: DHCSR
T0A78 000:422.552 - 0.614ms returns 0
T0A78 000:422.565 JLINK_ReadMem(0x400E001C, 0x4 Bytes, ...)
T0A78 000:422.577   CPU_ReadMem(4 bytes @ 0x400E001C)
T0A78 000:423.210   Data:  00 08 00 00
T0A78 000:423.246 - 0.681ms returns 0
T0A78 000:423.263 JLINK_ReadMem(0xE000EDF0, 0x4 Bytes, ...)
T0A78 000:423.275   CPU_ReadMem(4 bytes @ 0xE000EDF0)
T0A78 000:423.852   Data:  03 00 13 00
T0A78 000:423.862   Debug reg: DHCSR
T0A78 000:423.871 - 0.608ms returns 0
T0A78 000:423.881 JLINK_ReadMem(0x400E0018, 0x4 Bytes, ...)
T0A78 000:423.890   CPU_ReadMem(4 bytes @ 0x400E0018)
T0A78 000:424.437   Data:  00 80 00 00
T0A78 000:424.458 - 0.577ms returns 0
T0A78 000:424.470 JLINK_ReadMem(0xE000EDF0, 0x4 Bytes, ...)
T0A78 000:424.478   CPU_ReadMem(4 bytes @ 0xE000EDF0)
T0A78 000:425.029   Data:  03 00 13 00
T0A78 000:425.045   Debug reg: DHCSR
T0A78 000:425.054 - 0.584ms returns 0
T0A78 000:425.066 JLINK_ReadMem(0x400E0020, 0x4 Bytes, ...)
T0A78 000:425.077   CPU_ReadMem(4 bytes @ 0x400E0020)
T0A78 000:425.676   Data:  00 00 00 00
T0A78 000:425.697 - 0.631ms returns 0
T0A78 000:425.730 JLINK_ReadMem(0xE000EDF0, 0x4 Bytes, ...)
T0A78 000:425.742   CPU_ReadMem(4 bytes @ 0xE000EDF0)
T0A78 000:426.341   Data:  03 00 13 00
T0A78 000:426.362   Debug reg: DHCSR
T0A78 000:426.371 - 0.641ms returns 0
T0A78 000:426.381 JLINK_ReadMem(0x400E0028, 0x4 Bytes, ...)
T0A78 000:426.389   CPU_ReadMem(4 bytes @ 0x400E0028)
T0A78 000:427.006   Data:  00 08 00 00
T0A78 000:427.032 - 0.651ms returns 0
T0A78 000:427.045 JLINK_ReadMem(0xE000EDF0, 0x4 Bytes, ...)
T0A78 000:427.053   CPU_ReadMem(4 bytes @ 0xE000EDF0)
T0A78 000:427.658   Data:  03 00 13 00
T0A78 000:427.669   Debug reg: DHCSR
T0A78 000:427.678 - 0.633ms returns 0
T0A78 000:427.688 JLINK_ReadMem(0x400E0024, 0x4 Bytes, ...)
T0A78 000:427.696   CPU_ReadMem(4 bytes @ 0x400E0024)
T0A78 000:428.275   Data:  00 20 00 00
T0A78 000:428.299 - 0.611ms returns 0
T0A78 000:428.314 JLINK_ReadMem(0xE000EDF0, 0x4 Bytes, ...)
T0A78 000:428.322   CPU_ReadMem(4 bytes @ 0xE000EDF0)
T0A78 000:428.912   Data:  03 00 13 00
T0A78 000:428.926   Debug reg: DHCSR
T0A78 000:428.935 - 0.621ms returns 0
T0A78 000:428.945 JLINK_ReadMem(0x400E002C, 0x4 Bytes, ...)
T0A78 000:428.953   CPU_ReadMem(4 bytes @ 0x400E002C)
T0A78 000:429.535   Data:  02 00 00 00
T0A78 000:429.546 - 0.601ms returns 0
T0A78 000:429.558 JLINK_ReadMem(0xE000EDF0, 0x4 Bytes, ...)
T0A78 000:429.567   CPU_ReadMem(4 bytes @ 0xE000EDF0)
T0A78 000:430.160   Data:  03 00 13 00
T0A78 000:430.174   Debug reg: DHCSR
T0A78 000:430.185 - 0.626ms returns 0
T0A78 000:430.195 JLINK_ReadMem(0x400E002C, 0x4 Bytes, ...)
T0A78 000:430.204   CPU_ReadMem(4 bytes @ 0x400E002C)
T0A78 000:430.810   Data:  02 00 00 00
T0A78 000:430.830 - 0.635ms returns 0
T0A78 000:430.939 JLINK_ReadMem(0xE000EDF0, 0x4 Bytes, ...)
T0A78 000:430.948   CPU_ReadMem(4 bytes @ 0xE000EDF0)
T0A78 000:431.511   Data:  03 00 13 00
T0A78 000:431.522   Debug reg: DHCSR
T0A78 000:431.533 - 0.593ms returns 0
T0A78 000:431.543 JLINK_ReadMem(0x400E002C, 0x4 Bytes, ...)
T0A78 000:431.556   CPU_ReadMem(4 bytes @ 0x400E002C)
T0A78 000:432.226   Data:  02 00 00 00
T0A78 000:432.243 - 0.700ms returns 0
T0A78 000:432.257 JLINK_ReadMem(0xE000EDF0, 0x4 Bytes, ...)
T0A78 000:432.266   CPU_ReadMem(4 bytes @ 0xE000EDF0)
T0A78 000:432.852   Data:  03 00 13 00
T0A78 000:432.866   Debug reg: DHCSR
T0A78 000:432.878 - 0.620ms returns 0
T0A78 000:432.890 JLINK_ReadMem(0x400E001C, 0x4 Bytes, ...)
T0A78 000:432.900   CPU_ReadMem(4 bytes @ 0x400E001C)
T0A78 000:433.488   Data:  00 08 00 00
T0A78 000:433.509 - 0.619ms returns 0
T0A78 000:433.532 JLINK_ReadMem(0xE000EDF0, 0x4 Bytes, ...)
T0A78 000:433.547   CPU_ReadMem(4 bytes @ 0xE000EDF0)
T0A78 000:434.139   Data:  03 00 13 00
T0A78 000:434.155   Debug reg: DHCSR
T0A78 000:434.167 - 0.634ms returns 0
T0A78 000:434.179 JLINK_ReadMem(0x400E0018, 0x4 Bytes, ...)
T0A78 000:434.190   CPU_ReadMem(4 bytes @ 0x400E0018)
T0A78 000:434.787   Data:  00 80 00 00
T0A78 000:434.799 - 0.620ms returns 0
T0A78 000:434.815 JLINK_ReadMem(0xE000EDF0, 0x4 Bytes, ...)
T0A78 000:434.825   CPU_ReadMem(4 bytes @ 0xE000EDF0)
T0A78 000:435.442   Data:  03 00 13 00
T0A78 000:435.455   Debug reg: DHCSR
T0A78 000:435.467 - 0.652ms returns 0
T0A78 000:435.479 JLINK_ReadMem(0x400E0020, 0x4 Bytes, ...)
T0A78 000:435.490   CPU_ReadMem(4 bytes @ 0x400E0020)
T0A78 000:436.060   Data:  00 00 00 00
T0A78 000:436.073 - 0.594ms returns 0
T0A78 000:436.089 JLINK_ReadMem(0xE000EDF0, 0x4 Bytes, ...)
T0A78 000:436.099   CPU_ReadMem(4 bytes @ 0xE000EDF0)
T0A78 000:436.744   Data:  03 00 13 00
T0A78 000:436.765   Debug reg: DHCSR
T0A78 000:436.777 - 0.688ms returns 0
T0A78 000:436.788 JLINK_ReadMem(0x400E0028, 0x4 Bytes, ...)
T0A78 000:436.799   CPU_ReadMem(4 bytes @ 0x400E0028)
T0A78 000:437.393   Data:  00 08 00 00
T0A78 000:437.406 - 0.618ms returns 0
T0A78 000:437.421 JLINK_ReadMem(0xE000EDF0, 0x4 Bytes, ...)
T0A78 000:437.432   CPU_ReadMem(4 bytes @ 0xE000EDF0)
T0A78 000:438.065   Data:  03 00 13 00
T0A78 000:438.080   Debug reg: DHCSR
T0A78 000:438.091 - 0.670ms returns 0
T0A78 000:438.104 JLINK_ReadMem(0x400E0024, 0x4 Bytes, ...)
T0A78 000:438.115   CPU_ReadMem(4 bytes @ 0x400E0024)
T0A78 000:438.737   Data:  00 20 00 00
T0A78 000:438.762 - 0.657ms returns 0
T0A78 000:439.148 JLINK_TIF_GetAvailable(...)
T0A78 000:439.431 - 0.282ms
T0A78 000:439.454 JLINK_TIF_Select(JLINKARM_TIF_SWD)
T0A78 000:439.464 - 0.009ms returns 0x00
T0A78 000:439.474 JLINK_SetSpeed(4000)
T0A78 000:439.603 - 0.128ms
T0A78 000:439.618 JLINK_SetEndian(ARM_ENDIAN_LITTLE)
T0A78 000:439.626 - 0.008ms returns 0
T0A78 000:439.637 JLINK_SetInitRegsOnReset(OFF)
T0A78 000:439.645 - 0.008ms returns 1
T0A78 000:439.657 JLINK_SetResetType(JLINKARM_CM3_RESET_TYPE_CONNECT_UNDER_RESET)
T0A78 000:439.666 - 0.009ms returns JLINKARM_CM3_RESET_TYPE_NORMAL
T0A78 000:439.679 JLINK_ExecCommand("EnableFlashBPs", ...). 
T0A78 000:439.691 - 0.001ms returns 0x00
T0A78 000:439.704 JLINK_ExecCommand("SetAllowFlashCache = 1", ...). 
T0A78 000:439.722 - 0.007ms returns 0x01
T0A78 000:439.741 JLINK_ExecCommand("SetRestartOnClose = 0", ...). 
T0A78 000:439.754 - 0.002ms returns 0x01
T0A78 000:439.765 JLINK_EnableSoftBPs(ON)
T0A78 000:439.773 - 0.008ms
T0A78 000:439.783 JLINK_Connect()
T0A78 000:440.120   ConfigTargetSettings() start
T0A78 000:440.134    J-Link Script File: Executing ConfigTargetSettings()
T0A78 000:440.145   Configuring FlashDLNoRMWThreshold=0x200 in order to make sure that option bytes programming is done via read-modify-write
T0A78 000:447.520   ConfigTargetSettings() end - Took 7.38ms
T0A78 000:447.544   InitTarget() start
T0A78 000:447.551    J-Link Script File: Executing InitTarget()
T0A78 000:447.557   SWD selected. Executing JTAG -> SWD switching sequence.
T0A78 000:450.873   DAP initialized successfully.
T0A78 000:450.910   Determining TrustZone configuration...
T0A78 000:452.845     Secure Debug: Enabled (SSD)
T0A78 000:452.853   Determining currently configured transfer type by reading the AHB-AP CSW register.
T0A78 000:454.331     --> Correct transfer type configured. Done.
T0A78 000:454.366   InitTarget() end - Took 6.81ms
T0A78 000:455.399   Found SW-DP with ID 0x6BA02477
T0A78 000:459.530   DPIDR: 0x6BA02477
T0A78 000:459.553   CoreSight SoC-400 or earlier
T0A78 000:459.559   AP map detection skipped. Manually configured AP map found.
T0A78 000:459.566   AP[0]: AHB-AP (IDR: Not set)
T0A78 000:461.201   AP[0]: Core found
T0A78 000:461.219   AP[0]: AHB-AP ROM base: 0xE00FE000
T0A78 000:462.075   CPUID register: 0x410FD214. Implementer code: 0x41 (ARM)
T0A78 000:462.085   Feature set: Mainline
T0A78 000:462.902   Cache: No cache
T0A78 000:462.924   Found Cortex-M33 r0p4, Little endian.
T0A78 000:463.174   -- Max. mem block: 0x00001700
T0A78 000:463.187   CPU_ReadMem(4 bytes @ 0xE000EDF0)
T0A78 000:463.845   CPU_ReadMem(4 bytes @ 0xE0002000)
T0A78 000:464.436   FPUnit: 8 code (BP) slots and 0 literal slots
T0A78 000:464.459   CPU_ReadMem(4 bytes @ 0xE000EDFC)
T0A78 000:465.060   CPU_ReadMem(4 bytes @ 0xE0001000)
T0A78 000:465.657   CPU_ReadMem(4 bytes @ 0xE0001000)
T0A78 000:466.256   CPU_ReadMem(4 bytes @ 0xE0001028)
T0A78 000:466.868   CPU_ReadMem(4 bytes @ 0xE0001038)
T0A78 000:467.482   CPU_ReadMem(4 bytes @ 0xE0001048)
T0A78 000:468.073   CPU_ReadMem(4 bytes @ 0xE0001058)
T0A78 000:468.665   CPU_WriteMem(4 bytes @ 0xE0001000)
T0A78 000:469.305   CPU_ReadMem(4 bytes @ 0xE000ED88)
T0A78 000:469.953   CPU_WriteMem(4 bytes @ 0xE000ED88)
T0A78 000:470.583   CPU_ReadMem(4 bytes @ 0xE000ED88)
T0A78 000:471.251   CPU_WriteMem(4 bytes @ 0xE000ED88)
T0A78 000:471.872   CPU_ReadMem(4 bytes @ 0xE000EFB8)
T0A78 000:472.614   Security extension: implemented
T0A78 000:472.637   Secure debug: enabled
T0A78 000:472.647   CoreSight components:
T0A78 000:472.657   ROMTbl[0] @ E00FE000
T0A78 000:472.669   CPU_ReadMem(64 bytes @ 0xE00FE000)
T0A78 000:474.083   CPU_ReadMem(32 bytes @ 0xE0044FE0)
T0A78 000:475.041   CPU_ReadMem(4 bytes @ 0xE0044FBC)
T0A78 000:475.656   CPU_ReadMem(4 bytes @ 0xE0044FCC)
T0A78 000:476.213   [0][0]: E0044000 CID B105900D PID 005BB906 DEVARCH 00000000 DEVTYPE 14 CTI (?)
T0A78 000:476.224   CPU_ReadMem(32 bytes @ 0xE0047FE0)
T0A78 000:477.207   CPU_ReadMem(4 bytes @ 0xE0047FBC)
T0A78 000:477.860   CPU_ReadMem(4 bytes @ 0xE0047FCC)
T0A78 000:478.421   [0][1]: E0047000 CID B105900D PID 003BB908 DEVARCH 00000000 DEVTYPE 12 CSTF
T0A78 000:478.435   CPU_ReadMem(32 bytes @ 0xE0048FE0)
T0A78 000:479.393   CPU_ReadMem(4 bytes @ 0xE0048FBC)
T0A78 000:480.093   CPU_ReadMem(4 bytes @ 0xE0048FCC)
T0A78 000:480.707   [0][2]: E0048000 CID B105900D PID 001BB961 DEVARCH 00000000 DEVTYPE 21 ETB
T0A78 000:480.725   CPU_ReadMem(32 bytes @ 0xE0049FE0)
T0A78 000:481.631   [0][3]: E0049000 CID B105F00D PID 001BB101 TSG
T0A78 000:481.651   CPU_ReadMem(32 bytes @ 0xE0040FE0)
T0A78 000:482.685   CPU_ReadMem(4 bytes @ 0xE0040FBC)
T0A78 000:483.372   CPU_ReadMem(4 bytes @ 0xE0040FCC)
T0A78 000:483.922   [0][4]: E0040000 CID B105900D PID 000BBD21 DEVARCH 00000000 DEVTYPE 11 TPIU
T0A78 000:483.934   CPU_ReadMem(32 bytes @ 0xE00FFFE0)
T0A78 000:484.860   [0][5]: E00FF000 CID B105100D PID 000BB4C9 ROM Table
T0A78 000:484.880   ROMTbl[1] @ E00FF000
T0A78 000:484.889   CPU_ReadMem(64 bytes @ 0xE00FF000)
T0A78 000:486.305   CPU_ReadMem(32 bytes @ 0xE000EFE0)
T0A78 000:487.329   CPU_ReadMem(4 bytes @ 0xE000EFBC)
T0A78 000:487.953   CPU_ReadMem(4 bytes @ 0xE000EFCC)
T0A78 000:488.565   [1][0]: E000E000 CID B105900D PID 000BBD21 DEVARCH 47702A04 DEVTYPE 00 Cortex-M33
T0A78 000:488.586   CPU_ReadMem(32 bytes @ 0xE0001FE0)
T0A78 000:489.573   CPU_ReadMem(4 bytes @ 0xE0001FBC)
T0A78 000:490.250   CPU_ReadMem(4 bytes @ 0xE0001FCC)
T0A78 000:490.887   [1][1]: E0001000 CID B105900D PID 000BBD21 DEVARCH 47701A02 DEVTYPE 00 DWT
T0A78 000:490.914   CPU_ReadMem(32 bytes @ 0xE0002FE0)
T0A78 000:491.833   CPU_ReadMem(4 bytes @ 0xE0002FBC)
T0A78 000:492.470   CPU_ReadMem(4 bytes @ 0xE0002FCC)
T0A78 000:493.052   [1][2]: E0002000 CID B105900D PID 000BBD21 DEVARCH 47701A03 DEVTYPE 00 FPB
T0A78 000:493.071   CPU_ReadMem(32 bytes @ 0xE0000FE0)
T0A78 000:494.009   CPU_ReadMem(4 bytes @ 0xE0000FBC)
T0A78 000:494.664   CPU_ReadMem(4 bytes @ 0xE0000FCC)
T0A78 000:495.278   [1][3]: E0000000 CID B105900D PID 000BBD21 DEVARCH 47701A01 DEVTYPE 43 ITM
T0A78 000:495.293   CPU_ReadMem(32 bytes @ 0xE0041FE0)
T0A78 000:496.255   CPU_ReadMem(4 bytes @ 0xE0041FBC)
T0A78 000:496.876   CPU_ReadMem(4 bytes @ 0xE0041FCC)
T0A78 000:497.510   [1][5]: E0041000 CID B105900D PID 002BBD21 DEVARCH 47724A13 DEVTYPE 13 ETM
T0A78 000:497.530   CPU_ReadMem(32 bytes @ 0xE0042FE0)
T0A78 000:498.461   CPU_ReadMem(4 bytes @ 0xE0042FBC)
T0A78 000:499.154   CPU_ReadMem(4 bytes @ 0xE0042FCC)
T0A78 000:499.768   [1][6]: E0042000 CID B105900D PID 000BBD21 DEVARCH 47701A14 DEVTYPE 14 CSS600-CTI
T0A78 000:499.799 - 60.015ms returns 0x00
T0A78 000:499.824 JLINK_Halt()
T0A78 000:506.045 - 6.220ms returns 0x00
T0A78 000:506.080 JLINK_IsHalted()
T0A78 000:506.094 - 0.013ms returns TRUE
T0A78 000:506.187 JLINK_ResetPullsRESET(ON)
T0A78 000:506.202 - 0.015ms
T0A78 000:506.214 JLINK_Reset()
T0A78 000:506.242   CPU_WriteMem(4 bytes @ 0xE000EDF0)
T0A78 000:506.911   CPU_ReadMem(4 bytes @ 0xE000ED44)
T0A78 000:507.504   CPU_ReadMem(4 bytes @ 0xE000EE08)
T0A78 000:508.128   CPU_WriteMem(4 bytes @ 0xE000EE08)
T0A78 000:508.835   CPU_ReadMem(4 bytes @ 0xE000EE08)
T0A78 000:509.456   Reset: ARMv8M core with Security Extension enabled detected. Switch to secure domain.
T0A78 000:509.495   CPU_WriteMem(4 bytes @ 0xE000EDFC)
T0A78 000:510.212   Reset: Halt core after reset via DEMCR.VC_CORERESET.
T0A78 000:511.009   Reset: Reset device via AIRCR.SYSRESETREQ.
T0A78 000:511.038   CPU_WriteMem(4 bytes @ 0xE000ED0C)
T0A78 000:565.681   CPU_ReadMem(4 bytes @ 0xE000EDF0)
T0A78 000:566.358   CPU_ReadMem(4 bytes @ 0xE000EDF0)
T0A78 000:567.726   CPU_WriteMem(4 bytes @ 0xE000EDFC)
T0A78 000:574.117   CPU_ReadMem(4 bytes @ 0xE000EDF0)
T0A78 000:581.316   CPU_WriteMem(4 bytes @ 0xE0002000)
T0A78 000:583.047   CPU_ReadMem(4 bytes @ 0xE000EDFC)
T0A78 000:583.742   CPU_ReadMem(4 bytes @ 0xE0001000)
T0A78 000:584.463   CPU_ReadMem(4 bytes @ 0xE000EE08)
T0A78 000:585.114 - 78.900ms
T0A78 000:585.199 JLINK_ReadMem(0xE000EDF0, 0x4 Bytes, ...)
T0A78 000:585.214   CPU_ReadMem(4 bytes @ 0xE000EDF0)
T0A78 000:585.792   Data:  03 00 13 00
T0A78 000:585.804   Debug reg: DHCSR
T0A78 000:585.814 - 0.615ms returns 0
T0A78 000:585.833 JLINK_ReadMem(0x010080F0, 0x10 Bytes, ...)
T0A78 000:585.846   CPU_ReadMem(16 bytes @ 0x010080F0)
T0A78 000:586.524   Data:  52 37 46 41 36 4D 35 42 48 33 43 46 43 20 20 20
T0A78 000:586.544 - 0.710ms returns 0
T0A78 000:586.572 JLINK_IsHalted()
T0A78 000:586.579 - 0.007ms returns TRUE
T0A78 000:586.898 JLINK_ReadMem(0xE000EDF0, 0x4 Bytes, ...)
T0A78 000:586.911   CPU_ReadMem(4 bytes @ 0xE000EDF0)
T0A78 000:587.468   Data:  03 00 13 00
T0A78 000:587.476   Debug reg: DHCSR
T0A78 000:587.484 - 0.586ms returns 0
T0A78 000:587.492 JLINK_ReadMem(0x400E002C, 0x4 Bytes, ...)
T0A78 000:587.500   CPU_ReadMem(4 bytes @ 0x400E002C)
T0A78 000:588.059   Data:  02 00 00 00
T0A78 000:588.072 - 0.580ms returns 0
T0A78 000:588.084 JLINK_MeasureCPUSpeed(RAMAddr = 0x20000000)
T0A78 000:588.091   CPU_ReadMem(16 bytes @ 0x20000000)
T0A78 000:588.803   CPU_ReadMem(4 bytes @ 0xE000EDFC)
T0A78 000:589.394   CPU_ReadMem(4 bytes @ 0xE0001000)
T0A78 000:590.000   CPU_ReadMem(6 bytes @ 0x20000000)
T0A78 000:590.606   CPU_ReadMem(4 bytes @ 0xE000ED90)
T0A78 000:591.204   CPU_ReadMem(4 bytes @ 0xE000ED94)
T0A78 000:591.794   CPU_WriteMem(16 bytes @ 0x20000000)
T0A78 000:592.533   CPU_WriteMem(6 bytes @ 0x20000000)
T0A78 000:593.292   CPU_ReadMem(6 bytes @ 0x20000000)
T0A78 000:593.961   CPU_ReadMem(4 bytes @ 0xE000EE08)
T0A78 000:594.521   CPU_WriteMem(4 bytes @ 0xE0002008)
T0A78 000:594.531   CPU_WriteMem(4 bytes @ 0xE000200C)
T0A78 000:594.538   CPU_WriteMem(4 bytes @ 0xE0002010)
T0A78 000:594.544   CPU_WriteMem(4 bytes @ 0xE0002014)
T0A78 000:594.551   CPU_WriteMem(4 bytes @ 0xE0002018)
T0A78 000:594.558   CPU_WriteMem(4 bytes @ 0xE000201C)
T0A78 000:594.565   CPU_WriteMem(4 bytes @ 0xE0002020)
T0A78 000:594.576   CPU_WriteMem(4 bytes @ 0xE0002024)
T0A78 000:598.307   CPU_WriteMem(4 bytes @ 0xE0001004)
T0A78 000:608.650   CPU_ReadMem(4 bytes @ 0xE0001004)
T0A78 000:609.283   CPU_ReadMem(4 bytes @ 0xE000EE08)
T0A78 000:609.898   CPU_WriteMem(4 bytes @ 0xE0002008)
T0A78 000:610.554   CPU_WriteMem(4 bytes @ 0xE000200C)
T0A78 000:611.210   CPU_WriteMem(4 bytes @ 0xE0002010)
T0A78 000:611.842   CPU_WriteMem(4 bytes @ 0xE0002014)
T0A78 000:612.653   CPU_WriteMem(4 bytes @ 0xE0002018)
T0A78 000:613.317   CPU_WriteMem(4 bytes @ 0xE000201C)
T0A78 000:614.064   CPU_WriteMem(4 bytes @ 0xE0002020)
T0A78 000:614.971   CPU_WriteMem(4 bytes @ 0xE0002024)
T0A78 000:615.712   CPU_ReadMem(4 bytes @ 0xE000EE08)
T0A78 000:616.344   CPU_ReadMem(4 bytes @ 0xE000EE08)
T0A78 000:616.971   CPU_WriteMem(4 bytes @ 0xE0001004)
T0A78 000:648.566   CPU_ReadMem(4 bytes @ 0xE0001004)
T0A78 000:649.385   CPU_WriteMem(6 bytes @ 0x20000000)
T0A78 000:650.403   ClockFreq: 2083200 Hz
T0A78 000:650.426 - 62.340ms returns 2083200
T0A78 000:650.470 JLINK_ReadReg(XPSR)
T0A78 000:650.491   CPU_ReadMem(4 bytes @ 0xE000EE08)
T0A78 000:651.286 - 0.814ms returns 0xF9000000
T1490 002:735.085 JLINK_ReadReg(XPSR)
T1490 002:735.607   CPU_ReadMem(4 bytes @ 0xE000EE08)
T1490 002:736.306 - 1.221ms returns 0xF9000000
T1490 002:760.240 JLINK_ReadReg(XPSR)
T1490 002:760.265 - 0.025ms returns 0xF9000000
T1490 002:775.867 JLINK_ReadReg(XPSR)
T1490 002:780.192 - 4.325ms returns 0xF9000000
T1490 002:902.366 JLINK_SetEndian(ARM_ENDIAN_LITTLE)
T1490 002:902.431 - 0.064ms returns 0
T1490 002:902.677 JLINK_BeginDownload(Flags = 0x00000000)
T1490 002:902.690 - 0.013ms
T1490 002:918.302 JLINK_ReadMem(0xE000EDF0, 0x4 Bytes, ...)
T1490 002:918.323   CPU_ReadMem(4 bytes @ 0xE000EDF0)
T1490 002:918.970   Data:  03 00 13 00
T1490 002:918.983   Debug reg: DHCSR
T1490 002:918.987 - 0.685ms returns 0
T1490 002:919.860 JLINK_WriteMem(0x00000000, 0x6A8 Bytes, ...)
T1490 002:919.869   Data:  98 04 00 20 41 04 00 00 A9 02 00 00 3D 04 00 00 ...
T1490 002:920.092   completely In flash
T1490 002:920.098 - 0.238ms returns 0x6A8
T1490 002:920.526 JLINK_WriteMem(0x000006A8, 0x8 Bytes, ...)
T1490 002:920.536   Data:  AD 00 00 00 85 00 00 00
T1490 002:920.544   completely In flash
T1490 002:920.549 - 0.023ms returns 0x8
T1490 002:920.774 JLINK_WriteMem(0x0100A100, 0x14 Bytes, ...)
T1490 002:920.782   Data:  FF FF FF FF FF FF FF FF FF FF FF FF FF FF FF FF ...
T1490 002:920.978   completely In flash
T1490 002:920.983 - 0.209ms returns 0x14
T1490 002:921.244 JLINK_WriteMem(0x0100A134, 0x4 Bytes, ...)
T1490 002:921.252   Data:  FF FF FF FF
T1490 002:921.259   completely In flash
T1490 002:921.265 - 0.020ms returns 0x4
T1490 002:921.501 JLINK_WriteMem(0x0100A200, 0xD0 Bytes, ...)
T1490 002:921.509   Data:  FF FD FF FF FF FF FF FF FF FF FF FF FF FF FF FF ...
T1490 002:921.515   completely In flash
T1490 002:921.520 - 0.019ms returns 0xD0
T1490 002:933.928 JLINK_EndDownload()
T1490 002:934.203   CPU_ReadMem(4 bytes @ 0xE000ED90)
T1490 002:934.820   CPU_ReadMem(4 bytes @ 0xE000ED94)
T1490 002:935.364    -- --------------------------------------
T1490 002:935.374    -- Start of determining flash info (Bank @ 0x0100A100)
T1490 002:935.381    -- End of determining flash info
T1490 002:935.386    -- Start of determining dirty areas in flash cache
T1490 002:935.392    -- Filling invalid ranges in sector buffer (flash cache) for sector @ 0x0100A100 if necessary
T1490 002:935.397    -- Filling invalid ranges in sector buffer (flash cache) for sector @ 0x0100A110 if necessary
T1490 002:935.404    -- Filling invalid ranges in sector buffer (flash cache) for sector @ 0x0100A130 if necessary
T1490 002:935.410    -- Filling invalid ranges in sector buffer (flash cache) for sector @ 0x0100A200 if necessary
T1490 002:935.414    -- Filling invalid ranges in sector buffer (flash cache) for sector @ 0x0100A210 if necessary
T1490 002:935.419    -- Filling invalid ranges in sector buffer (flash cache) for sector @ 0x0100A220 if necessary
T1490 002:935.427    -- Filling invalid ranges in sector buffer (flash cache) for sector @ 0x0100A230 if necessary
T1490 002:935.432    -- Filling invalid ranges in sector buffer (flash cache) for sector @ 0x0100A240 if necessary
T1490 002:935.437    -- Filling invalid ranges in sector buffer (flash cache) for sector @ 0x0100A250 if necessary
T1490 002:935.442    -- Filling invalid ranges in sector buffer (flash cache) for sector @ 0x0100A260 if necessary
T1490 002:935.447    -- Filling invalid ranges in sector buffer (flash cache) for sector @ 0x0100A270 if necessary
T1490 002:935.452    -- Filling invalid ranges in sector buffer (flash cache) for sector @ 0x0100A280 if necessary
T1490 002:935.457    -- Filling invalid ranges in sector buffer (flash cache) for sector @ 0x0100A290 if necessary
T1490 002:935.462    -- Filling invalid ranges in sector buffer (flash cache) for sector @ 0x0100A2A0 if necessary
T1490 002:935.467    -- Filling invalid ranges in sector buffer (flash cache) for sector @ 0x0100A2B0 if necessary
T1490 002:935.472    -- Filling invalid ranges in sector buffer (flash cache) for sector @ 0x0100A2C0 if necessary
T1490 002:935.476    -- End of determining dirty areas
T1490 002:935.481    -- Start of preparing flash programming
T1490 002:935.486    -- Preparing RAMCode
T1490 002:935.490    -- Calculating RAM usage
T1490 002:935.495    -- RAM usage = 5120 Bytes
T1490 002:935.500    -- Preserving CPU registers
T1490 002:935.526    -- Preparing memory
T1490 002:935.530    -- Determining CPU clock frequency
T1490 002:988.469    -- CPU frequency = 2083 kHz
T1490 002:988.503    -- Preparing target
T1490 002:988.516    -- Preserving target RAM temporarily used for programming
T1490 003:048.847    -- Downloading RAMCode
T1490 003:129.286    -- Initializing RAMCode (InitType: 3 = Verify)
T1490 003:129.312    -- Executing Init(3)
T1490 003:148.954    -- End of preparing flash programming
T1490 003:148.989   
  ***** Warning: 
T1490 003:148.998   CPU is running at low speed (2083 kHz).
T1490 003:149.007    -- CPU is running at 2083 kHz.
T1490 003:149.019    -- Start of comparing flash
T1490 003:149.029    -- Flash algorithm supports a native verify function which is used to compare the flash content.
T1490 003:149.043    -- Comparing range 0x100A100 - 0x100A11F (2 Sectors, 32 Bytes), using verify function of the RAMCode
T1490 003:151.754    -- Data matches for sectors 0-1
T1490 003:151.788    -- Comparing range 0x100A130 - 0x100A13F (1 Sector, 16 Bytes), using verify function of the RAMCode
T1490 003:154.278    -- Data matches for sector 3
T1490 003:154.310    -- Comparing range 0x100A200 - 0x100A2CF (13 Sectors, 208 Bytes), using verify function of the RAMCode
T1490 003:159.539    -- Data matches for sectors 16-28
T1490 003:159.569    -- End of comparing flash
T1490 003:159.582    -- Start of erasing sectors
T1490 003:159.592    -- End of erasing sectors
T1490 003:159.603    -- Start of flash programming
T1490 003:159.613    -- End of flash programming
T1490 003:159.623    -- Start of verifying flash
T1490 003:159.633    -- End of verifying flash
T1490 003:159.643    -- Start of restoring
T1490 003:159.654    -- Executing UnInit()
T1490 003:168.105    -- Restoring target memory
T1490 003:220.442    -- Restoring CPU registers
T1490 003:221.419    -- End of restoring
T1490 003:221.445    -- Bank 0 @ 0x0100A100: Skipped. Contents already match
T1490 003:221.456    -- Bank 0 @ 0x0100A100: Skipped. Contents already match
T1490 003:221.470    -- --------------------------------------
T1490 003:221.480    -- Flash bank @ 0x00000000: Default: L2 verify disabled because algorithm performs L1 verify
T1490 003:221.491    -- Start of determining dirty areas in flash cache
T1490 003:221.502    -- Filling invalid ranges in sector buffer (flash cache) for sector @ 0x00000000 if necessary
T1490 003:222.001    -- End of determining dirty areas
T1490 003:222.011    -- Start of preparing flash programming
T1490 003:222.021    -- Calculating RAM usage
T1490 003:222.214    -- RAM usage = 3476 Bytes
T1490 003:222.224    -- Preserving CPU registers
T1490 003:222.263    -- Determining CPU clock frequency
T1490 003:279.380    -- Preparing target
T1490 003:279.491    -- Preserving target RAM temporarily used for programming
T1490 003:320.250    -- Downloading RAMCode
T1490 003:367.989    -- Preparing RAMCode
T1490 003:388.720    -- CPU frequency = 100000 kHz
T1490 003:388.744    -- End of preparing flash programming
T1490 003:388.756    -- CPU is running at 100000 kHz.
T1490 003:388.766    -- Start of comparing flash
T1490 003:388.774    -- CRC check was estimated as fastest method
T1490 003:388.785    -- Comparing range 0x0000 - 0x1FFF (1 Sector, 8 KB), using multi-block CRC calculation
T1490 003:394.819    -- CRC does not match for sector 0
T1490 003:394.841    -- End of comparing flash
T1490 003:394.850    -- Start of erasing sectors
T1490 003:394.860    -- Erasing range 0x00000000 - 0x00001FFF (  1 Sector, 8 KB)
T1490 003:434.447    -- End of erasing sectors
T1490 003:434.499    -- Start of flash programming
T1490 003:434.524    -- Programming range 0x00000000 - 0x00001FFF (  1 Sector, 8 KB)
T1490 003:456.990    -- End of flash programming
T1490 003:457.023    -- 0x0000 - 0x1FFF (  1 Sector, 8 KB)
T1490 003:457.038    -- Start of restoring
T1490 003:457.052    -- Restoring RAMCode
T1490 003:474.258    -- Restoring target memory
T1490 003:510.222    -- Restore target
T1490 003:510.274    -- Restoring CPU registers
T1490 003:511.228    -- End of restoring
T1490 003:511.257    -- Bank 1 @ 0x00000000: 1 range affected (8192 bytes)
T1490 003:511.283    -- Total: 0.289s (Prepare: 0.166s, Compare: 0.006s, Erase: 0.039s, Program & Verify: 0.031s, Restore: 0.044s)
T1490 003:511.316    -- Program & Verify speed: 258 KB/s
T1490 003:525.516 - 591.587ms returns 8192 (0x2000)
T1490 003:526.979 JLINK_WriteReg(R15 (PC), 0x00000440)
T1490 003:526.995 - 0.015ms returns 0
T1490 003:527.000 JLINK_WriteReg(XPSR, 0x01000000)
T1490 003:527.003 - 0.003ms returns 0
T1490 003:527.012 JLINK_ResetPullsRESET(ON)
T1490 003:527.015 - 0.003ms
T1490 003:527.018 JLINK_Halt()
T1490 003:527.021 - 0.002ms returns 0x00
T1490 003:527.024 JLINK_IsHalted()
T1490 003:527.028 - 0.003ms returns TRUE
T1490 003:527.032 JLINK_Reset()
T1490 003:527.038   CPU_WriteMem(4 bytes @ 0xE000EDF0)
T1490 003:527.700   CPU_ReadMem(4 bytes @ 0xE000ED44)
T1490 003:528.372   CPU_ReadMem(4 bytes @ 0xE000EE08)
T1490 003:528.962   CPU_WriteMem(4 bytes @ 0xE000EE08)
T1490 003:529.847   CPU_ReadMem(4 bytes @ 0xE000EE08)
T1490 003:530.553   Reset: ARMv8M core with Security Extension enabled detected. Switch to secure domain.
T1490 003:530.564   CPU_WriteMem(4 bytes @ 0xE000EDFC)
T1490 003:531.211   Reset: Halt core after reset via DEMCR.VC_CORERESET.
T1490 003:532.046   Reset: Reset device via AIRCR.SYSRESETREQ.
T1490 003:532.075   CPU_WriteMem(4 bytes @ 0xE000ED0C)
T1490 003:586.876   CPU_ReadMem(4 bytes @ 0xE000EDF0)
T1490 003:587.754   CPU_ReadMem(4 bytes @ 0xE000EDF0)
T1490 003:588.495   CPU_WriteMem(4 bytes @ 0xE000EDFC)
T1490 003:595.749   CPU_ReadMem(4 bytes @ 0xE000EDF0)
T1490 003:602.616   CPU_WriteMem(4 bytes @ 0xE0002000)
T1490 003:603.273   CPU_ReadMem(4 bytes @ 0xE000EDFC)
T1490 003:603.816   CPU_ReadMem(4 bytes @ 0xE0001000)
T1490 003:604.358   CPU_ReadMem(4 bytes @ 0xE000EE08)
T1490 003:605.038 - 78.006ms
T1490 003:605.048 JLINK_SetEndian(ARM_ENDIAN_LITTLE)
T1490 003:605.052 - 0.003ms returns 0
T1490 003:605.438 JLINK_ResetPullsRESET(ON)
T1490 003:605.446 - 0.009ms
T1490 003:605.450 JLINK_Halt()
T1490 003:605.454 - 0.003ms returns 0x00
T1490 003:605.458 JLINK_IsHalted()
T1490 003:605.461 - 0.003ms returns TRUE
T1490 003:605.465 JLINK_Reset()
T1490 003:605.473   CPU_WriteMem(4 bytes @ 0xE000EDF0)
T1490 003:606.061   CPU_ReadMem(4 bytes @ 0xE000ED44)
T1490 003:606.632   CPU_ReadMem(4 bytes @ 0xE000EE08)
T1490 003:607.255   CPU_WriteMem(4 bytes @ 0xE000EE08)
T1490 003:607.913   CPU_ReadMem(4 bytes @ 0xE000EE08)
T1490 003:608.527   Reset: ARMv8M core with Security Extension enabled detected. Switch to secure domain.
T1490 003:608.545   CPU_WriteMem(4 bytes @ 0xE000EDFC)
T1490 003:609.228   Reset: Halt core after reset via DEMCR.VC_CORERESET.
T1490 003:610.009   Reset: Reset device via AIRCR.SYSRESETREQ.
T1490 003:610.041   CPU_WriteMem(4 bytes @ 0xE000ED0C)
T1490 003:665.282   CPU_ReadMem(4 bytes @ 0xE000EDF0)
T1490 003:666.000   CPU_ReadMem(4 bytes @ 0xE000EDF0)
T1490 003:666.683   CPU_WriteMem(4 bytes @ 0xE000EDFC)
T1490 003:673.184   CPU_ReadMem(4 bytes @ 0xE000EDF0)
T1490 003:680.368   CPU_WriteMem(4 bytes @ 0xE0002000)
T1490 003:681.106   CPU_ReadMem(4 bytes @ 0xE000EDFC)
T1490 003:681.788   CPU_ReadMem(4 bytes @ 0xE0001000)
T1490 003:682.510   CPU_ReadMem(4 bytes @ 0xE000EE08)
T1490 003:683.213 - 77.747ms
T1490 003:683.240 JLINK_SetEndian(ARM_ENDIAN_LITTLE)
T1490 003:683.248 - 0.007ms returns 0
T1490 003:687.390 JLINK_ReadReg(XPSR)
T1490 003:687.408   CPU_ReadMem(4 bytes @ 0xE000EE08)
T1490 003:687.982 - 0.591ms returns 0xF9000000
T1490 003:688.563 JLINK_ReadMem(0x00000440, 0x4 Bytes, ...)
T1490 003:688.577    -- Read from flash cache (4 bytes @ 0x00000440)
T1490 003:688.584   Data:  08 B5 00 F0
T1490 003:688.591 - 0.028ms returns 0
T1490 003:690.228 JLINK_ReadReg(XPSR)
T1490 003:690.245 - 0.017ms returns 0xF9000000
T1490 003:690.618 JLINK_ReadMem(0x00000440, 0x4 Bytes, ...)
T1490 003:690.628    -- Read from flash cache (4 bytes @ 0x00000440)
T1490 003:690.634   Data:  08 B5 00 F0
T1490 003:690.641 - 0.023ms returns 0
T1490 004:077.854 JLINK_GetNumBPUnits(Type = 0xFFFFFF00)
T1490 004:077.872 - 0.017ms returns 0x08
T1490 004:077.877 JLINK_GetNumWPUnits()
T1490 004:077.880 - 0.003ms returns 4
T1490 004:077.884 JLINK_GetNumWPUnits()
T1490 004:077.888 - 0.003ms returns 4
T1490 004:077.894 JLINK_GetNumBPUnits(Type = 0xFFFFFF00)
T1490 004:077.897 - 0.003ms returns 0x08
T1490 004:077.901 JLINK_GetNumWPUnits()
T1490 004:077.904 - 0.003ms returns 4
T1490 004:077.908 JLINK_GetNumWPUnits()
T1490 004:077.912 - 0.003ms returns 4
T1490 004:077.917 JLINK_GetNumBPUnits(Type = 0xFFFFFF00)
T1490 004:077.920 - 0.003ms returns 0x08
T1490 004:077.924 JLINK_GetNumWPUnits()
T1490 004:077.928 - 0.003ms returns 4
T1490 004:077.932 JLINK_GetNumWPUnits()
T1490 004:077.935 - 0.003ms returns 4
T1490 004:077.961 JLINK_SetBPEx(Addr = 0x00000160, Type = 0xFFFFFF00)
T1490 004:077.967 - 0.006ms returns 0x00000001
T1490 004:077.973 JLINK_ClrBPEx(BPHandle = 0x00000001)
T1490 004:077.977 - 0.004ms returns 0x00
T1490 004:093.007 JLINK_ReadMem(0x00000140, 0x40 Bytes, ...)
T1490 004:093.024    -- Read from flash cache (64 bytes @ 0x00000140)
T1490 004:093.030   Data:  03 60 81 F3 10 88 D2 E7 FE E7 00 BF 90 06 00 00 ...
T1490 004:093.036 - 0.029ms returns 0
T1490 004:093.277 JLINK_ReadMem(0x00000160, 0x2 Bytes, ...)
T1490 004:093.288    -- Read from flash cache (2 bytes @ 0x00000160)
T1490 004:093.293   Data:  08 B5
T1490 004:093.299 - 0.022ms returns 0
T1490 004:093.488 JLINK_SetBPEx(Addr = 0x00000160, Type = 0xFFFFFF00)
T1490 004:093.499 - 0.011ms returns 0x00000002
T1490 004:186.185 JLINK_ReadRegs(NumRegs = 22, Indexes: 0, 1, 2, 3, 4, 5, 6, 7, 8, 9, 10, 11, 12, 13, 14, 15, 16, 17, 18, 86, 87, 20)
T1490 004:186.224    -- R0=0x00, R1=0x00, R2=0x00, R3=0x00, R4=0x00, R5=0x00, R6=0x00, R7=0x00, R8=0x40080D00, R9=0x01, R10=0x3E8, R11=0xFFFE3FFE, R12=0x2000D888, R13 (SP)=0x20000498, R14=0xFFFFFFFF, R15 (PC)=0x440, XPSR=0xF9000000, MSP=0x20000498, PSP=0x00, MSPLIM=0x00, PSPLIM=0x00, CFBP=0x00
T1490 004:186.231 - 0.045ms returns 0x00
T1490 004:186.492 JLINK_ReadReg(XPSR)
T1490 004:187.091 - 0.598ms returns 0xF9000000
T1490 004:187.492 JLINK_ReadMem(0x00000440, 0x4 Bytes, ...)
T1490 004:187.518    -- Read from flash cache (4 bytes @ 0x00000440)
T1490 004:187.523   Data:  08 B5 00 F0
T1490 004:187.528 - 0.036ms returns 0
T33C4 004:219.155 JLINK_GetNumBPUnits(Type = 0xFFFFFF00)
T33C4 004:219.172 - 0.017ms returns 0x08
T33C4 004:219.176 JLINK_GetNumWPUnits()
T33C4 004:219.179 - 0.002ms returns 4
T33C4 004:219.183 JLINK_GetNumWPUnits()
T33C4 004:219.188 - 0.005ms returns 4
T33C4 004:219.333 JLINK_GetNumBPUnits(Type = 0xFFFFFF00)
T33C4 004:219.344 - 0.011ms returns 0x08
T33C4 004:219.348 JLINK_GetNumWPUnits()
T33C4 004:219.351 - 0.003ms returns 4
T33C4 004:219.354 JLINK_GetNumWPUnits()
T33C4 004:219.357 - 0.002ms returns 4
T33C4 004:219.579 JLINK_GetNumBPUnits(Type = 0xFFFFFF00)
T33C4 004:219.588 - 0.009ms returns 0x08
T33C4 004:219.591 JLINK_GetNumWPUnits()
T33C4 004:219.594 - 0.002ms returns 4
T33C4 004:219.598 JLINK_GetNumWPUnits()
T33C4 004:219.601 - 0.002ms returns 4
T33C4 004:220.019 JLINK_GetNumBPUnits(Type = 0xFFFFFF00)
T33C4 004:220.027 - 0.008ms returns 0x08
T33C4 004:220.031 JLINK_GetNumWPUnits()
T33C4 004:220.034 - 0.003ms returns 4
T33C4 004:220.037 JLINK_GetNumWPUnits()
T33C4 004:220.040 - 0.002ms returns 4
T33C4 004:220.226 JLINK_ReadReg(XPSR)
T33C4 004:220.243 - 0.017ms returns 0xF9000000
T33C4 004:220.248 JLINK_ReadReg(R15 (PC))
T33C4 004:220.252 - 0.004ms returns 0x00000440
T33C4 004:220.337 JLINK_GetNumBPUnits(Type = 0xFFFFFF00)
T33C4 004:220.346 - 0.009ms returns 0x08
T33C4 004:220.350 JLINK_GetNumWPUnits()
T33C4 004:220.353 - 0.002ms returns 4
T33C4 004:220.356 JLINK_GetNumWPUnits()
T33C4 004:220.359 - 0.002ms returns 4
T33C4 004:220.635 JLINK_GetNumBPUnits(Type = 0xFFFFFF00)
T33C4 004:220.645 - 0.009ms returns 0x08
T33C4 004:220.648 JLINK_GetNumWPUnits()
T33C4 004:220.651 - 0.002ms returns 4
T33C4 004:220.654 JLINK_GetNumWPUnits()
T33C4 004:220.657 - 0.002ms returns 4
T33C4 004:220.756 JLINK_GetNumBPUnits(Type = 0xFFFFFF00)
T33C4 004:220.763 - 0.008ms returns 0x08
T33C4 004:220.767 JLINK_GetNumWPUnits()
T33C4 004:220.770 - 0.002ms returns 4
T33C4 004:220.773 JLINK_GetNumWPUnits()
T33C4 004:220.776 - 0.002ms returns 4
T33C4 004:220.862 JLINK_GetNumBPUnits(Type = 0xFFFFFF00)
T33C4 004:220.866 - 0.004ms returns 0x08
T33C4 004:220.869 JLINK_GetNumWPUnits()
T33C4 004:220.872 - 0.002ms returns 4
T33C4 004:220.875 JLINK_GetNumWPUnits()
T33C4 004:220.878 - 0.002ms returns 4
T1490 004:342.297 JLINK_ReadMem(0x00000440, 0x4 Bytes, ...)
T1490 004:342.317    -- Read from flash cache (4 bytes @ 0x00000440)
T1490 004:342.323   Data:  08 B5 00 F0
T1490 004:342.329 - 0.032ms returns 0
T1490 004:342.987 JLINK_ReadReg(XPSR)
T1490 004:343.009 - 0.021ms returns 0xF9000000
T1490 004:357.930 JLINK_ReadReg(XPSR)
T1490 004:357.952 - 0.021ms returns 0xF9000000
T1490 005:966.603 JLINK_STRACE_Read(..., NumItems = 0x10000)
T1490 005:967.209 - 0.604ms NumItemsRead = 0x00
T1490 005:967.228 JLINK_IsHalted()
T1490 005:967.803 - 0.573ms returns TRUE
T1490 005:967.830 JLINK_STRACE_Read(..., NumItems = 0x10000)
T1490 005:967.834 - 0.004ms NumItemsRead = 0x00
T1490 005:967.839 JLINK_GoEx(MaxEmulInsts = 0, Flags = 0x01)
T1490 005:967.851   CPU_WriteMem(4 bytes @ 0xE0002000)
T1490 005:968.515   CPU_ReadMem(4 bytes @ 0xE0001000)
T1490 005:969.072   CPU_WriteMem(4 bytes @ 0xE0002008)
T1490 005:969.077   CPU_WriteMem(4 bytes @ 0xE000200C)
T1490 005:969.081   CPU_WriteMem(4 bytes @ 0xE0002010)
T1490 005:969.085   CPU_WriteMem(4 bytes @ 0xE0002014)
T1490 005:969.089   CPU_WriteMem(4 bytes @ 0xE0002018)
T1490 005:969.093   CPU_WriteMem(4 bytes @ 0xE000201C)
T1490 005:969.097   CPU_WriteMem(4 bytes @ 0xE0002020)
T1490 005:969.101   CPU_WriteMem(4 bytes @ 0xE0002024)
T1490 005:973.037   CPU_WriteMem(4 bytes @ 0xE0001004)
T1490 005:974.780   Memory map 'after startup completion point' is active
T1490 005:974.785 - 6.946ms
T1490 006:075.509 JLINK_IsHalted()
T1490 006:082.115 - 6.604ms returns TRUE
T1490 006:082.171 JLINK_ReadReg(XPSR)
T1490 006:082.208   CPU_ReadMem(4 bytes @ 0xE000EE08)
T1490 006:083.160 - 0.987ms returns 0x69000000
T1490 006:083.202 JLINK_ReadReg(R15 (PC))
T1490 006:083.228 - 0.026ms returns 0x00000160
T1490 006:083.265 JLINK_ReadReg(XPSR)
T1490 006:083.286 - 0.020ms returns 0x69000000
T1490 006:083.530 JLINK_ReadReg(XPSR)
T1490 006:083.622 - 0.092ms returns 0x69000000
T1490 006:083.651 JLINK_ReadReg(R15 (PC))
T1490 006:083.672 - 0.021ms returns 0x00000160
T1490 006:083.700 JLINK_ReadReg(XPSR)
T1490 006:083.734 - 0.033ms returns 0x69000000
T1490 006:083.756 JLINK_ReadReg(XPSR)
T1490 006:083.776 - 0.019ms returns 0x69000000
T1490 006:083.801 JLINK_ReadMem(0x00000160, 0x1 Bytes, ...)
T1490 006:083.828    -- Read from flash cache (1 bytes @ 0x00000160)
T1490 006:083.856   Data:  08
T1490 006:083.884 - 0.083ms returns 0
T1490 006:083.908 JLINK_IsHalted()
T1490 006:083.927 - 0.019ms returns TRUE
T1490 006:083.949 JLINK_ReadReg(XPSR)
T1490 006:083.970 - 0.020ms returns 0x69000000
T1490 006:083.992 JLINK_ReadReg(XPSR)
T1490 006:084.011 - 0.019ms returns 0x69000000
T1490 006:084.033 JLINK_ReadReg(R15 (PC))
T1490 006:084.053 - 0.019ms returns 0x00000160
T1490 006:084.074 JLINK_ReadReg(XPSR)
T1490 006:084.094 - 0.019ms returns 0x69000000
T1490 006:084.115 JLINK_ReadReg(XPSR)
T1490 006:084.135 - 0.019ms returns 0x69000000
T1490 006:084.157 JLINK_ReadMem(0x00000160, 0x1 Bytes, ...)
T1490 006:084.176    -- Read from flash cache (1 bytes @ 0x00000160)
T1490 006:084.201   Data:  08
T1490 006:084.228 - 0.072ms returns 0
T1490 006:085.643 JLINK_ReadRegs(NumRegs = 22, Indexes: 0, 1, 2, 3, 4, 5, 6, 7, 8, 9, 10, 11, 12, 13, 14, 15, 16, 17, 18, 86, 87, 20)
T1490 006:085.767    -- R0=0x00, R1=0x11F, R2=0x00, R3=0x60, R4=0x00, R5=0x00, R6=0x00, R7=0x00, R8=0x40080D00, R9=0x01, R10=0x3E8, R11=0xFFFE3FFE, R12=0x10, R13 (SP)=0x20000490, R14=0x44B, R15 (PC)=0x160, XPSR=0x69000000, MSP=0x20000490, PSP=0x00, MSPLIM=0x20000098, PSPLIM=0x00, CFBP=0x00
T1490 006:085.797 - 0.157ms returns 0x00
T1490 006:087.482 JLINK_ReadReg(XPSR)
T1490 006:087.547 - 0.064ms returns 0x69000000
T1490 006:089.084 JLINK_ReadMem(0x00000160, 0x4 Bytes, ...)
T1490 006:089.124    -- Read from flash cache (4 bytes @ 0x00000160)
T1490 006:089.147   Data:  08 B5 FF F7
T1490 006:089.170 - 0.086ms returns 0
T1490 006:090.671 JLINK_ClrBPEx(BPHandle = 0x00000002)
T1490 006:090.722 - 0.051ms returns 0x00
T1490 006:107.291 JLINK_ReadMem(0x00000160, 0x4 Bytes, ...)
T1490 006:107.306    -- Read from flash cache (4 bytes @ 0x00000160)
T1490 006:107.312   Data:  08 B5 FF F7
T1490 006:107.318 - 0.027ms returns 0
T1490 006:122.913 JLINK_ReadReg(XPSR)
T1490 006:122.938 - 0.024ms returns 0x69000000
T1490 006:123.925 JLINK_ReadReg(XPSR)
T1490 006:123.946 - 0.021ms returns 0x69000000
T1490 006:760.552 JLINK_STRACE_Read(..., NumItems = 0x10000)
T1490 006:760.577 - 0.025ms NumItemsRead = 0x00
T1490 006:760.585 JLINK_IsHalted()
T1490 006:761.176 - 0.590ms returns TRUE
T1490 006:761.189 JLINK_STRACE_Read(..., NumItems = 0x10000)
T1490 006:761.193 - 0.004ms NumItemsRead = 0x00
T1490 006:761.198 JLINK_GoEx(MaxEmulInsts = 0, Flags = 0x01)
T1490 006:761.213   CPU_ReadMem(4 bytes @ 0xE0001000)
T1490 006:761.798   CPU_WriteMem(4 bytes @ 0xE0002008)
T1490 006:763.528 - 2.329ms
T1490 006:872.203 JLINK_IsHalted()
T1490 006:873.041 - 0.836ms returns FALSE
T1490 006:873.078 JLINK_IsHalted()
T1490 006:873.768 - 0.687ms returns FALSE
T1490 006:981.227 JLINK_IsHalted()
T1490 006:981.812 - 0.584ms returns FALSE
T1490 006:981.837 JLINK_IsHalted()
T1490 006:982.952 - 1.113ms returns FALSE
T1490 007:091.353 JLINK_IsHalted()
T1490 007:091.907 - 0.553ms returns FALSE
T1490 007:091.916 JLINK_IsHalted()
T1490 007:092.517 - 0.600ms returns FALSE
T33C4 007:092.577 JLINK_ReadReg(XPSR)
T33C4 007:093.233   CPU is running
T33C4 007:093.253   
  ***** Error: 
T33C4 007:093.261   Cannot read register 16 (XPSR) while CPU is running
T33C4 007:093.269 - 0.692ms returns 0x00000000
T33C4 007:093.277 JLINK_ReadReg(R15 (PC))
T33C4 007:093.821   CPU is running
T33C4 007:093.841   
  ***** Error: 
T33C4 007:093.849   Cannot read register 15 (R15) while CPU is running
T33C4 007:093.856 - 0.578ms returns 0x00000000
T1490 007:200.176 JLINK_IsHalted()
T1490 007:201.006 - 0.829ms returns FALSE
T1490 007:201.032 JLINK_IsHalted()
T1490 007:201.713 - 0.680ms returns FALSE
T1490 007:310.002 JLINK_IsHalted()
T1490 007:310.633 - 0.630ms returns FALSE
T1490 007:310.643 JLINK_IsHalted()
T1490 007:311.293 - 0.649ms returns FALSE
T1490 007:419.121 JLINK_IsHalted()
T1490 007:419.829 - 0.707ms returns FALSE
T1490 007:419.841 JLINK_IsHalted()
T1490 007:420.566 - 0.724ms returns FALSE
T1490 007:528.830 JLINK_IsHalted()
T1490 007:529.508 - 0.676ms returns FALSE
T1490 007:529.537 JLINK_IsHalted()
T1490 007:530.143 - 0.605ms returns FALSE
T1490 007:637.489 JLINK_IsHalted()
T1490 007:638.465 - 0.974ms returns FALSE
T1490 007:638.541 JLINK_IsHalted()
T1490 007:639.419 - 0.875ms returns FALSE
T1490 007:746.900 JLINK_IsHalted()
T1490 007:747.577 - 0.675ms returns FALSE
T1490 007:747.601 JLINK_IsHalted()
T1490 007:748.344 - 0.742ms returns FALSE
T1490 007:856.685 JLINK_IsHalted()
T1490 007:857.377 - 0.690ms returns FALSE
T1490 007:857.427 JLINK_IsHalted()
T1490 007:857.983 - 0.554ms returns FALSE
T1490 007:965.598 JLINK_IsHalted()
T1490 007:966.383 - 0.782ms returns FALSE
T1490 007:966.426 JLINK_IsHalted()
T1490 007:967.097 - 0.669ms returns FALSE
T1490 008:075.073 JLINK_IsHalted()
T1490 008:075.769 - 0.692ms returns FALSE
T1490 008:075.819 JLINK_IsHalted()
T1490 008:076.524 - 0.704ms returns FALSE
T33C4 008:094.529 JLINK_IsHalted()
T33C4 008:095.377 - 0.847ms returns FALSE
T33C4 008:095.390 JLINK_IsHalted()
T33C4 008:096.191 - 0.799ms returns FALSE
T33C4 008:096.450 JLINK_IsHalted()
T33C4 008:097.214 - 0.763ms returns FALSE
T33C4 008:097.229 JLINK_IsHalted()
T33C4 008:097.868 - 0.636ms returns FALSE
T1490 008:184.807 JLINK_IsHalted()
T1490 008:185.827 - 1.020ms returns FALSE
T1490 008:185.878 JLINK_IsHalted()
T1490 008:186.463 - 0.583ms returns FALSE
T1490 008:294.198 JLINK_IsHalted()
T1490 008:294.951 - 0.750ms returns FALSE
T1490 008:294.972 JLINK_IsHalted()
T1490 008:295.725 - 0.752ms returns FALSE
T1490 008:403.790 JLINK_IsHalted()
T1490 008:404.434 - 0.643ms returns FALSE
T1490 008:404.459 JLINK_IsHalted()
T1490 008:405.150 - 0.691ms returns FALSE
T1490 008:512.622 JLINK_IsHalted()
T1490 008:513.357 - 0.734ms returns FALSE
T1490 008:513.386 JLINK_IsHalted()
T1490 008:514.063 - 0.675ms returns FALSE
T1490 008:622.298 JLINK_IsHalted()
T1490 008:623.018 - 0.719ms returns FALSE
T1490 008:623.032 JLINK_IsHalted()
T1490 008:623.762 - 0.728ms returns FALSE
T1490 008:731.668 JLINK_IsHalted()
T1490 008:732.659 - 0.990ms returns FALSE
T1490 008:732.714 JLINK_IsHalted()
T1490 008:733.501 - 0.784ms returns FALSE
T1490 008:841.440 JLINK_IsHalted()
T1490 008:842.364 - 0.922ms returns FALSE
T1490 008:842.424 JLINK_IsHalted()
T1490 008:843.159 - 0.734ms returns FALSE
T1490 008:950.802 JLINK_IsHalted()
T1490 008:951.848 - 1.043ms returns FALSE
T1490 008:951.912 JLINK_IsHalted()
T1490 008:952.809 - 0.895ms returns FALSE
T1490 009:059.642 JLINK_IsHalted()
T1490 009:060.334 - 0.690ms returns FALSE
T1490 009:060.382 JLINK_IsHalted()
T1490 009:061.078 - 0.694ms returns FALSE
T33C4 009:096.818 JLINK_IsHalted()
T33C4 009:097.524 - 0.703ms returns FALSE
T33C4 009:097.573 JLINK_IsHalted()
T33C4 009:098.360 - 0.785ms returns FALSE
T1490 009:168.680 JLINK_IsHalted()
T1490 009:169.424 - 0.744ms returns FALSE
T1490 009:169.442 JLINK_IsHalted()
T1490 009:170.108 - 0.664ms returns FALSE
T1490 009:278.533 JLINK_IsHalted()
T1490 009:279.418 - 0.885ms returns FALSE
T1490 009:279.440 JLINK_IsHalted()
T1490 009:280.214 - 0.774ms returns FALSE
T1490 009:388.087 JLINK_IsHalted()
T1490 009:388.851 - 0.762ms returns FALSE
T1490 009:388.870 JLINK_IsHalted()
T1490 009:389.534 - 0.661ms returns FALSE
T1490 009:497.154 JLINK_IsHalted()
T1490 009:497.913 - 0.756ms returns FALSE
T1490 009:497.940 JLINK_IsHalted()
T1490 009:498.638 - 0.695ms returns FALSE
T1490 009:607.213 JLINK_IsHalted()
T1490 009:608.001 - 0.787ms returns FALSE
T1490 009:608.024 JLINK_IsHalted()
T1490 009:608.874 - 0.849ms returns FALSE
T1490 009:715.818 JLINK_IsHalted()
T1490 009:716.642 - 0.822ms returns FALSE
T1490 009:716.665 JLINK_IsHalted()
T1490 009:717.427 - 0.760ms returns FALSE
T1490 009:825.546 JLINK_IsHalted()
T1490 009:826.314 - 0.765ms returns FALSE
T1490 009:826.344 JLINK_IsHalted()
T1490 009:827.006 - 0.660ms returns FALSE
T1490 009:934.715 JLINK_IsHalted()
T1490 009:935.528 - 0.811ms returns FALSE
T1490 009:935.564 JLINK_IsHalted()
T1490 009:936.356 - 0.791ms returns FALSE
T1490 010:044.594 JLINK_IsHalted()
T1490 010:045.416 - 0.819ms returns FALSE
T1490 010:045.440 JLINK_IsHalted()
T1490 010:046.169 - 0.728ms returns FALSE
T33C4 010:099.722 JLINK_IsHalted()
T33C4 010:100.625 - 0.902ms returns FALSE
T33C4 010:100.696 JLINK_IsHalted()
T33C4 010:101.410 - 0.711ms returns FALSE
T1490 010:153.252 JLINK_IsHalted()
T1490 010:154.000 - 0.746ms returns FALSE
T1490 010:154.021 JLINK_IsHalted()
T1490 010:154.808 - 0.785ms returns FALSE
T1490 010:263.422 JLINK_IsHalted()
T1490 010:264.236 - 0.812ms returns FALSE
T1490 010:264.290 JLINK_IsHalted()
T1490 010:265.124 - 0.832ms returns FALSE
T1490 010:372.002 JLINK_IsHalted()
T1490 010:372.752 - 0.748ms returns FALSE
T1490 010:372.809 JLINK_IsHalted()
T1490 010:373.603 - 0.793ms returns FALSE
T1490 010:481.394 JLINK_IsHalted()
T1490 010:482.190 - 0.794ms returns FALSE
T1490 010:482.234 JLINK_IsHalted()
T1490 010:483.256 - 1.021ms returns FALSE
T1490 010:591.410 JLINK_IsHalted()
T1490 010:592.050 - 0.636ms returns FALSE
T1490 010:592.093 JLINK_IsHalted()
T1490 010:592.741 - 0.648ms returns FALSE
T1490 010:701.520 JLINK_IsHalted()
T1490 010:702.492 - 0.970ms returns FALSE
T1490 010:702.539 JLINK_IsHalted()
T1490 010:703.250 - 0.709ms returns FALSE
T1490 010:810.300 JLINK_IsHalted()
T1490 010:811.097 - 0.795ms returns FALSE
T1490 010:811.136 JLINK_IsHalted()
T1490 010:811.834 - 0.696ms returns FALSE
T1490 010:918.858 JLINK_IsHalted()
T1490 010:919.507 - 0.648ms returns FALSE
T1490 010:919.532 JLINK_IsHalted()
T1490 010:920.167 - 0.633ms returns FALSE
T1490 011:028.752 JLINK_IsHalted()
T1490 011:029.350 - 0.597ms returns FALSE
T1490 011:029.384 JLINK_IsHalted()
T1490 011:029.922 - 0.537ms returns FALSE
T33C4 011:101.699 JLINK_IsHalted()
T33C4 011:102.244 - 0.544ms returns FALSE
T33C4 011:102.249 JLINK_IsHalted()
T33C4 011:102.728 - 0.478ms returns FALSE
T1490 011:138.320 JLINK_IsHalted()
T1490 011:138.975 - 0.653ms returns FALSE
T1490 011:139.003 JLINK_IsHalted()
T1490 011:139.879 - 0.875ms returns FALSE
T1490 011:247.418 JLINK_IsHalted()
T1490 011:247.964 - 0.542ms returns FALSE
T1490 011:247.982 JLINK_IsHalted()
T1490 011:248.442 - 0.460ms returns FALSE
T1490 011:356.904 JLINK_IsHalted()
T1490 011:357.589 - 0.684ms returns FALSE
T1490 011:357.593 JLINK_IsHalted()
T1490 011:358.346 - 0.751ms returns FALSE
T1490 011:465.825 JLINK_IsHalted()
T1490 011:466.371 - 0.545ms returns FALSE
T1490 011:466.376 JLINK_IsHalted()
T1490 011:466.935 - 0.559ms returns FALSE
T1490 011:575.898 JLINK_IsHalted()
T1490 011:576.473 - 0.573ms returns FALSE
T1490 011:576.490 JLINK_IsHalted()
T1490 011:577.076 - 0.585ms returns FALSE
T1490 011:685.245 JLINK_IsHalted()
T1490 011:685.932 - 0.686ms returns FALSE
T1490 011:685.943 JLINK_IsHalted()
T1490 011:686.490 - 0.546ms returns FALSE
T1490 011:794.496 JLINK_IsHalted()
T1490 011:795.185 - 0.688ms returns FALSE
T1490 011:795.209 JLINK_IsHalted()
T1490 011:795.736 - 0.526ms returns FALSE
T1490 011:903.555 JLINK_IsHalted()
T1490 011:904.366 - 0.810ms returns FALSE
T1490 011:904.428 JLINK_IsHalted()
T1490 011:905.219 - 0.790ms returns FALSE
T1490 012:012.564 JLINK_IsHalted()
T1490 012:013.386 - 0.821ms returns FALSE
T1490 012:013.403 JLINK_IsHalted()
T1490 012:014.219 - 0.814ms returns FALSE
T33C4 012:103.705 JLINK_IsHalted()
T33C4 012:104.614 - 0.907ms returns FALSE
T33C4 012:104.640 JLINK_IsHalted()
T33C4 012:105.569 - 0.924ms returns FALSE
T1490 012:122.803 JLINK_IsHalted()
T1490 012:123.686 - 0.880ms returns FALSE
T1490 012:123.830 JLINK_IsHalted()
T1490 012:124.514 - 0.681ms returns FALSE
T1490 012:231.496 JLINK_IsHalted()
T1490 012:232.465 - 0.968ms returns FALSE
T1490 012:232.505 JLINK_IsHalted()
T1490 012:233.486 - 0.977ms returns FALSE
T1490 012:341.487 JLINK_IsHalted()
T1490 012:342.445 - 0.956ms returns FALSE
T1490 012:342.466 JLINK_IsHalted()
T1490 012:343.214 - 0.746ms returns FALSE
T1490 012:450.690 JLINK_IsHalted()
T1490 012:451.501 - 0.809ms returns FALSE
T1490 012:451.557 JLINK_IsHalted()
T1490 012:452.202 - 0.643ms returns FALSE
T1490 012:559.485 JLINK_IsHalted()
T1490 012:560.525 - 1.038ms returns FALSE
T1490 012:560.557 JLINK_IsHalted()
T1490 012:561.491 - 0.932ms returns FALSE
T1490 012:668.801 JLINK_IsHalted()
T1490 012:669.618 - 0.814ms returns FALSE
T1490 012:669.642 JLINK_IsHalted()
T1490 012:670.369 - 0.724ms returns FALSE
T1490 012:778.437 JLINK_IsHalted()
T1490 012:779.514 - 1.076ms returns FALSE
T1490 012:779.580 JLINK_IsHalted()
T1490 012:780.555 - 0.973ms returns FALSE
T1490 012:887.855 JLINK_IsHalted()
T1490 012:888.634 - 0.776ms returns FALSE
T1490 012:888.768 JLINK_IsHalted()
T1490 012:889.530 - 0.731ms returns FALSE
T1490 012:997.487 JLINK_IsHalted()
T1490 012:998.244 - 0.754ms returns FALSE
T1490 012:998.262 JLINK_IsHalted()
T1490 012:998.981 - 0.717ms returns FALSE
T33C4 013:106.282 JLINK_IsHalted()
T33C4 013:107.160 - 0.875ms returns FALSE
T33C4 013:107.211 JLINK_IsHalted()
T33C4 013:107.971 - 0.758ms returns FALSE
T1490 013:108.098 JLINK_IsHalted()
T1490 013:108.985 - 0.885ms returns FALSE
T1490 013:109.006 JLINK_IsHalted()
T1490 013:109.838 - 0.830ms returns FALSE
T1490 013:215.885 JLINK_IsHalted()
T1490 013:216.621 - 0.734ms returns FALSE
T1490 013:216.637 JLINK_IsHalted()
T1490 013:217.218 - 0.580ms returns FALSE
T1490 013:324.997 JLINK_IsHalted()
T1490 013:325.813 - 0.814ms returns FALSE
T1490 013:325.831 JLINK_IsHalted()
T1490 013:326.602 - 0.769ms returns FALSE
T1490 013:435.062 JLINK_IsHalted()
T1490 013:435.968 - 0.905ms returns FALSE
T1490 013:436.014 JLINK_IsHalted()
T1490 013:436.845 - 0.828ms returns FALSE
T1490 013:544.555 JLINK_IsHalted()
T1490 013:545.445 - 0.886ms returns FALSE
T1490 013:545.466 JLINK_IsHalted()
T1490 013:546.344 - 0.876ms returns FALSE
T1490 013:653.650 JLINK_IsHalted()
T1490 013:654.310 - 0.657ms returns FALSE
T1490 013:654.330 JLINK_IsHalted()
T1490 013:654.915 - 0.585ms returns FALSE
T1490 013:762.866 JLINK_IsHalted()
T1490 013:763.597 - 0.730ms returns FALSE
T1490 013:763.618 JLINK_IsHalted()
T1490 013:764.394 - 0.775ms returns FALSE
T1490 013:872.693 JLINK_IsHalted()
T1490 013:873.562 - 0.844ms returns FALSE
T1490 013:873.590 JLINK_IsHalted()
T1490 013:874.448 - 0.854ms returns FALSE
T1490 013:981.563 JLINK_IsHalted()
T1490 013:982.306 - 0.741ms returns FALSE
T1490 013:982.334 JLINK_IsHalted()
T1490 013:982.962 - 0.626ms returns FALSE
T1490 014:091.250 JLINK_IsHalted()
T1490 014:092.010 - 0.759ms returns FALSE
T1490 014:092.034 JLINK_IsHalted()
T1490 014:092.928 - 0.893ms returns FALSE
T33C4 014:108.419 JLINK_IsHalted()
T33C4 014:109.221 - 0.798ms returns FALSE
T33C4 014:109.264 JLINK_IsHalted()
T33C4 014:109.827 - 0.562ms returns FALSE
T1490 014:200.102 JLINK_IsHalted()
T1490 014:200.981 - 0.877ms returns FALSE
T1490 014:201.030 JLINK_IsHalted()
T1490 014:201.971 - 0.938ms returns FALSE
T1490 014:309.941 JLINK_IsHalted()
T1490 014:310.754 - 0.810ms returns FALSE
T1490 014:310.805 JLINK_IsHalted()
T1490 014:311.550 - 0.744ms returns FALSE
T1490 014:418.752 JLINK_IsHalted()
T1490 014:419.390 - 0.638ms returns FALSE
T1490 014:419.398 JLINK_IsHalted()
T1490 014:420.050 - 0.650ms returns FALSE
T1490 014:528.666 JLINK_IsHalted()
T1490 014:529.302 - 0.635ms returns FALSE
T1490 014:529.310 JLINK_IsHalted()
T1490 014:529.906 - 0.595ms returns FALSE
T1490 014:637.830 JLINK_IsHalted()
T1490 014:638.565 - 0.732ms returns FALSE
T1490 014:638.630 JLINK_IsHalted()
T1490 014:639.453 - 0.819ms returns FALSE
T1490 014:747.272 JLINK_IsHalted()
T1490 014:748.258 - 0.984ms returns FALSE
T1490 014:748.301 JLINK_IsHalted()
T1490 014:749.030 - 0.726ms returns FALSE
T1490 014:856.600 JLINK_IsHalted()
T1490 014:857.494 - 0.892ms returns FALSE
T1490 014:857.539 JLINK_IsHalted()
T1490 014:858.293 - 0.752ms returns FALSE
T1490 014:965.856 JLINK_IsHalted()
T1490 014:966.834 - 0.975ms returns FALSE
T1490 014:966.883 JLINK_IsHalted()
T1490 014:967.541 - 0.657ms returns FALSE
T1490 015:075.882 JLINK_IsHalted()
T1490 015:076.773 - 0.890ms returns FALSE
T1490 015:076.797 JLINK_IsHalted()
T1490 015:077.610 - 0.812ms returns FALSE
T33C4 015:110.008 JLINK_IsHalted()
T33C4 015:110.738 - 0.727ms returns FALSE
T33C4 015:110.781 JLINK_IsHalted()
T33C4 015:111.515 - 0.732ms returns FALSE
T1490 015:184.562 JLINK_IsHalted()
T1490 015:185.467 - 0.904ms returns FALSE
T1490 015:185.509 JLINK_IsHalted()
T1490 015:186.309 - 0.800ms returns FALSE
T1490 015:294.438 JLINK_IsHalted()
T1490 015:295.314 - 0.873ms returns FALSE
T1490 015:295.339 JLINK_IsHalted()
T1490 015:296.035 - 0.695ms returns FALSE
T1490 015:403.534 JLINK_IsHalted()
T1490 015:404.237 - 0.701ms returns FALSE
T1490 015:404.243 JLINK_IsHalted()
T1490 015:404.930 - 0.684ms returns FALSE
T1490 015:512.504 JLINK_IsHalted()
T1490 015:513.334 - 0.830ms returns FALSE
T1490 015:513.344 JLINK_IsHalted()
T1490 015:514.098 - 0.753ms returns FALSE
T1490 015:622.082 JLINK_IsHalted()
T1490 015:622.846 - 0.764ms returns FALSE
T1490 015:622.861 JLINK_IsHalted()
T1490 015:623.490 - 0.628ms returns FALSE
T1490 015:731.616 JLINK_IsHalted()
T1490 015:732.338 - 0.722ms returns FALSE
T1490 015:732.355 JLINK_IsHalted()
T1490 015:733.126 - 0.769ms returns FALSE
T1490 015:840.555 JLINK_IsHalted()
T1490 015:841.315 - 0.757ms returns FALSE
T1490 015:841.331 JLINK_IsHalted()
T1490 015:842.046 - 0.715ms returns FALSE
T1490 015:950.702 JLINK_IsHalted()
T1490 015:951.632 - 0.928ms returns FALSE
T1490 015:951.690 JLINK_IsHalted()
T1490 015:952.627 - 0.936ms returns FALSE
T1490 016:060.248 JLINK_IsHalted()
T1490 016:061.062 - 0.813ms returns FALSE
T1490 016:061.093 JLINK_IsHalted()
T1490 016:061.709 - 0.616ms returns FALSE
T33C4 016:112.757 JLINK_IsHalted()
T33C4 016:113.662 - 0.904ms returns FALSE
T33C4 016:113.706 JLINK_IsHalted()
T33C4 016:114.518 - 0.811ms returns FALSE
T1490 016:169.587 JLINK_IsHalted()
T1490 016:170.478 - 0.889ms returns FALSE
T1490 016:170.528 JLINK_IsHalted()
T1490 016:171.360 - 0.850ms returns FALSE
T1490 016:279.011 JLINK_IsHalted()
T1490 016:279.802 - 0.788ms returns FALSE
T1490 016:279.829 JLINK_IsHalted()
T1490 016:280.638 - 0.808ms returns FALSE
T1490 016:387.672 JLINK_IsHalted()
T1490 016:388.349 - 0.672ms returns FALSE
T1490 016:388.382 JLINK_IsHalted()
T1490 016:389.046 - 0.664ms returns FALSE
T1490 016:497.413 JLINK_IsHalted()
T1490 016:498.360 - 0.948ms returns FALSE
T1490 016:498.421 JLINK_IsHalted()
T1490 016:499.338 - 0.914ms returns FALSE
T1490 016:606.848 JLINK_IsHalted()
T1490 016:607.570 - 0.719ms returns FALSE
T1490 016:607.589 JLINK_IsHalted()
T1490 016:608.310 - 0.720ms returns FALSE
T1490 016:715.811 JLINK_IsHalted()
T1490 016:716.858 - 1.045ms returns FALSE
T1490 016:716.918 JLINK_IsHalted()
T1490 016:717.730 - 0.808ms returns FALSE
T1490 016:825.688 JLINK_IsHalted()
T1490 016:826.538 - 0.847ms returns FALSE
T1490 016:826.562 JLINK_IsHalted()
T1490 016:827.360 - 0.797ms returns FALSE
T1490 016:934.492 JLINK_IsHalted()
T1490 016:935.338 - 0.844ms returns FALSE
T1490 016:935.364 JLINK_IsHalted()
T1490 016:936.072 - 0.707ms returns FALSE
T1490 017:044.730 JLINK_IsHalted()
T1490 017:045.758 - 1.027ms returns FALSE
T1490 017:045.828 JLINK_IsHalted()
T1490 017:046.530 - 0.698ms returns FALSE
T33C4 017:115.618 JLINK_IsHalted()
T33C4 017:116.226 - 0.608ms returns FALSE
T33C4 017:116.244 JLINK_IsHalted()
T33C4 017:116.880 - 0.632ms returns FALSE
T1490 017:153.596 JLINK_IsHalted()
T1490 017:154.392 - 0.796ms returns FALSE
T1490 017:154.422 JLINK_IsHalted()
T1490 017:155.016 - 0.594ms returns FALSE
T1490 017:262.994 JLINK_IsHalted()
T1490 017:263.714 - 0.718ms returns FALSE
T1490 017:263.756 JLINK_IsHalted()
T1490 017:264.500 - 0.743ms returns FALSE
T1490 017:372.732 JLINK_IsHalted()
T1490 017:373.676 - 0.944ms returns FALSE
T1490 017:373.738 JLINK_IsHalted()
T1490 017:374.664 - 0.926ms returns FALSE
T1490 017:481.398 JLINK_IsHalted()
T1490 017:482.172 - 0.771ms returns FALSE
T1490 017:482.200 JLINK_IsHalted()
T1490 017:482.998 - 0.797ms returns FALSE
T1490 017:591.348 JLINK_IsHalted()
T1490 017:592.012 - 0.666ms returns FALSE
T1490 017:592.032 JLINK_IsHalted()
T1490 017:592.592 - 0.561ms returns FALSE
T1490 017:700.468 JLINK_IsHalted()
T1490 017:701.360 - 0.889ms returns FALSE
T1490 017:701.386 JLINK_IsHalted()
T1490 017:702.236 - 0.848ms returns FALSE
T1490 017:809.628 JLINK_IsHalted()
T1490 017:810.228 - 0.594ms returns FALSE
T1490 017:810.266 JLINK_IsHalted()
T1490 017:810.810 - 0.544ms returns FALSE
T1490 017:919.490 JLINK_IsHalted()
T1490 017:920.456 - 0.964ms returns FALSE
T1490 017:920.484 JLINK_IsHalted()
T1490 017:921.246 - 0.762ms returns FALSE
T1490 018:028.700 JLINK_IsHalted()
T1490 018:029.438 - 0.736ms returns FALSE
T1490 018:029.468 JLINK_IsHalted()
T1490 018:030.320 - 0.851ms returns FALSE
T33C4 018:117.072 JLINK_IsHalted()
T33C4 018:118.028 - 0.953ms returns FALSE
T33C4 018:118.094 JLINK_IsHalted()
T33C4 018:118.772 - 0.673ms returns FALSE
T1490 018:137.852 JLINK_IsHalted()
T1490 018:138.536 - 0.683ms returns FALSE
T1490 018:138.556 JLINK_IsHalted()
T1490 018:139.252 - 0.697ms returns FALSE
T1490 018:247.370 JLINK_IsHalted()
T1490 018:248.294 - 0.924ms returns FALSE
T1490 018:248.336 JLINK_IsHalted()
T1490 018:249.008 - 0.671ms returns FALSE
T1490 018:356.952 JLINK_IsHalted()
T1490 018:357.606 - 0.654ms returns FALSE
T1490 018:357.630 JLINK_IsHalted()
T1490 018:358.356 - 0.726ms returns FALSE
T1490 018:466.582 JLINK_IsHalted()
T1490 018:467.350 - 0.766ms returns FALSE
T1490 018:467.460 JLINK_IsHalted()
T1490 018:468.300 - 0.836ms returns FALSE
T1490 018:575.770 JLINK_IsHalted()
T1490 018:576.392 - 0.672ms returns FALSE
T1490 018:576.412 JLINK_IsHalted()
T1490 018:576.992 - 0.577ms returns FALSE
T1490 018:684.646 JLINK_IsHalted()
T1490 018:685.300 - 0.651ms returns FALSE
T1490 018:685.308 JLINK_IsHalted()
T1490 018:685.910 - 0.599ms returns FALSE
T1490 018:795.444 JLINK_IsHalted()
T1490 018:796.412 - 0.966ms returns FALSE
T1490 018:796.476 JLINK_IsHalted()
T1490 018:797.156 - 0.678ms returns FALSE
T1490 018:904.060 JLINK_IsHalted()
T1490 018:904.934 - 0.873ms returns FALSE
T1490 018:904.974 JLINK_IsHalted()
T1490 018:905.846 - 0.871ms returns FALSE
T1490 019:013.232 JLINK_IsHalted()
T1490 019:013.996 - 0.763ms returns FALSE
T1490 019:014.028 JLINK_IsHalted()
T1490 019:014.738 - 0.708ms returns FALSE
T33C4 019:118.996 JLINK_IsHalted()
T33C4 019:119.842 - 0.845ms returns FALSE
T33C4 019:119.868 JLINK_IsHalted()
T33C4 019:120.620 - 0.752ms returns FALSE
T1490 019:122.334 JLINK_IsHalted()
T1490 019:123.026 - 0.690ms returns FALSE
T1490 019:123.044 JLINK_IsHalted()
T1490 019:123.722 - 0.678ms returns FALSE
T1490 019:231.570 JLINK_IsHalted()
T1490 019:232.298 - 0.726ms returns FALSE
T1490 019:232.314 JLINK_IsHalted()
T1490 019:232.930 - 0.615ms returns FALSE
T1490 019:341.484 JLINK_IsHalted()
T1490 019:342.174 - 0.690ms returns FALSE
T1490 019:342.196 JLINK_IsHalted()
T1490 019:342.862 - 0.663ms returns FALSE
T1490 019:450.374 JLINK_IsHalted()
T1490 019:451.234 - 0.858ms returns FALSE
T1490 019:451.260 JLINK_IsHalted()
T1490 019:452.092 - 0.831ms returns FALSE
T1490 019:559.664 JLINK_IsHalted()
T1490 019:560.340 - 0.674ms returns FALSE
T1490 019:560.382 JLINK_IsHalted()
T1490 019:561.236 - 0.851ms returns FALSE
T1490 019:669.166 JLINK_IsHalted()
T1490 019:670.010 - 0.841ms returns FALSE
T1490 019:670.038 JLINK_IsHalted()
T1490 019:670.834 - 0.794ms returns FALSE
T1490 019:778.244 JLINK_IsHalted()
T1490 019:779.118 - 0.874ms returns FALSE
T1490 019:779.144 JLINK_IsHalted()
T1490 019:779.988 - 0.841ms returns FALSE
T1490 019:887.748 JLINK_IsHalted()
T1490 019:888.356 - 0.605ms returns FALSE
T1490 019:888.364 JLINK_IsHalted()
T1490 019:888.942 - 0.578ms returns FALSE
T1490 019:996.854 JLINK_IsHalted()
T1490 019:997.458 - 0.600ms returns FALSE
T1490 019:997.476 JLINK_IsHalted()
T1490 019:997.976 - 0.500ms returns FALSE
T1490 020:106.238 JLINK_IsHalted()
T1490 020:106.860 - 0.622ms returns FALSE
T1490 020:106.878 JLINK_IsHalted()
T1490 020:107.480 - 0.601ms returns FALSE
T33C4 020:120.942 JLINK_IsHalted()
T33C4 020:121.696 - 0.753ms returns FALSE
T33C4 020:121.736 JLINK_IsHalted()
T33C4 020:122.644 - 0.906ms returns FALSE
T1490 020:216.158 JLINK_IsHalted()
T1490 020:216.884 - 0.724ms returns FALSE
T1490 020:216.906 JLINK_IsHalted()
T1490 020:217.682 - 0.776ms returns FALSE
T1490 020:325.116 JLINK_IsHalted()
T1490 020:325.874 - 0.758ms returns FALSE
T1490 020:325.908 JLINK_IsHalted()
T1490 020:326.628 - 0.719ms returns FALSE
T1490 020:434.508 JLINK_IsHalted()
T1490 020:435.376 - 0.865ms returns FALSE
T1490 020:435.406 JLINK_IsHalted()
T1490 020:436.120 - 0.711ms returns FALSE
T1490 020:544.170 JLINK_IsHalted()
T1490 020:544.868 - 0.696ms returns FALSE
T1490 020:544.882 JLINK_IsHalted()
T1490 020:545.440 - 0.558ms returns FALSE
T1490 020:653.308 JLINK_IsHalted()
T1490 020:654.270 - 0.961ms returns FALSE
T1490 020:654.300 JLINK_IsHalted()
T1490 020:655.062 - 0.760ms returns FALSE
T1490 020:762.532 JLINK_IsHalted()
T1490 020:763.386 - 0.854ms returns FALSE
T1490 020:763.398 JLINK_IsHalted()
T1490 020:764.278 - 0.879ms returns FALSE
T1490 020:872.416 JLINK_IsHalted()
T1490 020:872.978 - 0.559ms returns FALSE
T1490 020:873.012 JLINK_IsHalted()
T1490 020:873.804 - 0.791ms returns FALSE
T1490 020:981.444 JLINK_IsHalted()
T1490 020:981.980 - 0.535ms returns FALSE
T1490 020:982.004 JLINK_IsHalted()
T1490 020:982.560 - 0.556ms returns FALSE
T1490 021:091.532 JLINK_IsHalted()
T1490 021:092.310 - 0.778ms returns FALSE
T1490 021:092.344 JLINK_IsHalted()
T1490 021:093.060 - 0.716ms returns FALSE
T33C4 021:122.680 JLINK_IsHalted()
T33C4 021:123.540 - 0.860ms returns FALSE
T33C4 021:123.566 JLINK_IsHalted()
T33C4 021:124.420 - 0.852ms returns FALSE
T1490 021:200.440 JLINK_IsHalted()
T1490 021:201.102 - 0.662ms returns FALSE
T1490 021:201.120 JLINK_IsHalted()
T1490 021:201.760 - 0.638ms returns FALSE
T1490 021:309.468 JLINK_IsHalted()
T1490 021:310.204 - 0.734ms returns FALSE
T1490 021:310.222 JLINK_IsHalted()
T1490 021:310.994 - 0.763ms returns FALSE
T1490 021:419.444 JLINK_IsHalted()
T1490 021:420.314 - 0.868ms returns FALSE
T1490 021:420.340 JLINK_IsHalted()
T1490 021:421.126 - 0.785ms returns FALSE
T1490 021:528.858 JLINK_IsHalted()
T1490 021:530.380 - 1.521ms returns FALSE
T1490 021:530.498 JLINK_IsHalted()
T1490 021:531.276 - 0.777ms returns FALSE
T1490 021:637.630 JLINK_IsHalted()
T1490 021:638.364 - 0.732ms returns FALSE
T1490 021:638.388 JLINK_IsHalted()
T1490 021:639.080 - 0.692ms returns FALSE
T1490 021:747.678 JLINK_IsHalted()
T1490 021:748.592 - 0.913ms returns FALSE
T1490 021:748.604 JLINK_IsHalted()
T1490 021:749.442 - 0.838ms returns FALSE
T1490 021:856.174 JLINK_IsHalted()
T1490 021:856.838 - 0.660ms returns FALSE
T1490 021:856.868 JLINK_IsHalted()
T1490 021:857.752 - 0.881ms returns FALSE
T1490 021:966.384 JLINK_IsHalted()
T1490 021:967.396 - 1.012ms returns FALSE
T1490 021:967.444 JLINK_IsHalted()
T1490 021:968.230 - 0.785ms returns FALSE
T1490 022:075.514 JLINK_IsHalted()
T1490 022:076.322 - 0.807ms returns FALSE
T1490 022:076.346 JLINK_IsHalted()
T1490 022:077.020 - 0.674ms returns FALSE
T33C4 022:125.288 JLINK_IsHalted()
T33C4 022:125.980 - 0.690ms returns FALSE
T33C4 022:126.000 JLINK_IsHalted()
T33C4 022:126.634 - 0.632ms returns FALSE
T1490 022:185.204 JLINK_IsHalted()
T1490 022:185.976 - 0.772ms returns FALSE
T1490 022:185.986 JLINK_IsHalted()
T1490 022:186.696 - 0.710ms returns FALSE
T1490 022:294.508 JLINK_IsHalted()
T1490 022:295.384 - 0.877ms returns FALSE
T1490 022:295.412 JLINK_IsHalted()
T1490 022:295.978 - 0.564ms returns FALSE
T1490 022:403.404 JLINK_IsHalted()
T1490 022:403.938 - 0.532ms returns FALSE
T1490 022:403.956 JLINK_IsHalted()
T1490 022:404.588 - 0.632ms returns FALSE
T1490 022:512.580 JLINK_IsHalted()
T1490 022:513.208 - 0.624ms returns FALSE
T1490 022:513.224 JLINK_IsHalted()
T1490 022:513.842 - 0.615ms returns FALSE
T1490 022:622.664 JLINK_IsHalted()
T1490 022:623.618 - 0.952ms returns FALSE
T1490 022:623.644 JLINK_IsHalted()
T1490 022:624.652 - 1.005ms returns FALSE
T1490 022:731.340 JLINK_IsHalted()
T1490 022:732.250 - 0.909ms returns FALSE
T1490 022:732.286 JLINK_IsHalted()
T1490 022:732.934 - 0.647ms returns FALSE
T1490 022:840.644 JLINK_IsHalted()
T1490 022:841.444 - 0.801ms returns FALSE
T1490 022:841.468 JLINK_IsHalted()
T1490 022:842.174 - 0.704ms returns FALSE
T1490 022:950.700 JLINK_IsHalted()
T1490 022:951.730 - 1.028ms returns FALSE
T1490 022:951.770 JLINK_IsHalted()
T1490 022:952.492 - 0.721ms returns FALSE
T1490 023:059.776 JLINK_IsHalted()
T1490 023:060.516 - 0.739ms returns FALSE
T1490 023:060.548 JLINK_IsHalted()
T1490 023:061.200 - 0.650ms returns FALSE
T33C4 023:127.268 JLINK_IsHalted()
T33C4 023:128.062 - 0.794ms returns FALSE
T33C4 023:128.116 JLINK_IsHalted()
T33C4 023:128.774 - 0.655ms returns FALSE
T1490 023:168.896 JLINK_IsHalted()
T1490 023:169.756 - 0.858ms returns FALSE
T1490 023:169.782 JLINK_IsHalted()
T1490 023:170.524 - 0.742ms returns FALSE
T1490 023:278.918 JLINK_IsHalted()
T1490 023:279.658 - 0.739ms returns FALSE
T1490 023:279.680 JLINK_IsHalted()
T1490 023:280.422 - 0.741ms returns FALSE
T1490 023:387.938 JLINK_IsHalted()
T1490 023:388.756 - 0.815ms returns FALSE
T1490 023:388.780 JLINK_IsHalted()
T1490 023:389.476 - 0.695ms returns FALSE
T1490 023:497.332 JLINK_IsHalted()
T1490 023:498.274 - 0.942ms returns FALSE
T1490 023:498.316 JLINK_IsHalted()
T1490 023:499.094 - 0.779ms returns FALSE
T1490 023:606.924 JLINK_IsHalted()
T1490 023:607.592 - 0.667ms returns FALSE
T1490 023:607.602 JLINK_IsHalted()
T1490 023:608.254 - 0.652ms returns FALSE
T1490 023:716.468 JLINK_IsHalted()
T1490 023:717.204 - 0.733ms returns FALSE
T1490 023:717.218 JLINK_IsHalted()
T1490 023:717.972 - 0.752ms returns FALSE
T1490 023:825.644 JLINK_IsHalted()
T1490 023:826.508 - 0.863ms returns FALSE
T1490 023:826.540 JLINK_IsHalted()
T1490 023:827.228 - 0.685ms returns FALSE
T1490 023:934.922 JLINK_IsHalted()
T1490 023:935.534 - 0.608ms returns FALSE
T1490 023:935.554 JLINK_IsHalted()
T1490 023:936.196 - 0.639ms returns FALSE
T1490 024:044.032 JLINK_IsHalted()
T1490 024:044.674 - 0.640ms returns FALSE
T1490 024:044.698 JLINK_IsHalted()
T1490 024:045.220 - 0.520ms returns FALSE
T33C4 024:129.624 JLINK_IsHalted()
T33C4 024:130.308 - 0.683ms returns FALSE
T33C4 024:130.336 JLINK_IsHalted()
T33C4 024:130.950 - 0.613ms returns FALSE
T1490 024:153.822 JLINK_IsHalted()
T1490 024:154.440 - 0.616ms returns FALSE
T1490 024:154.448 JLINK_IsHalted()
T1490 024:155.014 - 0.566ms returns FALSE
T1490 024:262.852 JLINK_IsHalted()
T1490 024:263.744 - 0.890ms returns FALSE
T1490 024:263.776 JLINK_IsHalted()
T1490 024:264.380 - 0.602ms returns FALSE
T1490 024:372.580 JLINK_IsHalted()
T1490 024:373.512 - 0.934ms returns FALSE
T1490 024:373.562 JLINK_IsHalted()
T1490 024:374.354 - 0.791ms returns FALSE
T1490 024:481.764 JLINK_IsHalted()
T1490 024:482.466 - 0.699ms returns FALSE
T1490 024:482.514 JLINK_IsHalted()
T1490 024:483.196 - 0.681ms returns FALSE
T1490 024:591.366 JLINK_IsHalted()
T1490 024:592.044 - 0.677ms returns FALSE
T1490 024:592.084 JLINK_IsHalted()
T1490 024:592.752 - 0.667ms returns FALSE
T1490 024:700.236 JLINK_IsHalted()
T1490 024:700.932 - 0.697ms returns FALSE
T1490 024:700.948 JLINK_IsHalted()
T1490 024:701.602 - 0.651ms returns FALSE
T1490 024:809.546 JLINK_IsHalted()
T1490 024:810.194 - 0.646ms returns FALSE
T1490 024:810.204 JLINK_IsHalted()
T1490 024:810.688 - 0.484ms returns FALSE
T1490 024:919.342 JLINK_IsHalted()
T1490 024:919.980 - 0.638ms returns FALSE
T1490 024:919.998 JLINK_IsHalted()
T1490 024:920.550 - 0.550ms returns FALSE
T1490 025:028.164 JLINK_IsHalted()
T1490 025:028.740 - 0.574ms returns FALSE
T1490 025:028.766 JLINK_IsHalted()
T1490 025:029.312 - 0.546ms returns FALSE
T33C4 025:131.994 JLINK_IsHalted()
T33C4 025:132.752 - 0.759ms returns FALSE
T33C4 025:132.780 JLINK_IsHalted()
T33C4 025:133.500 - 0.720ms returns FALSE
T1490 025:138.468 JLINK_IsHalted()
T1490 025:139.170 - 0.699ms returns FALSE
T1490 025:139.198 JLINK_IsHalted()
T1490 025:139.972 - 0.773ms returns FALSE
T1490 025:247.258 JLINK_IsHalted()
T1490 025:248.114 - 0.856ms returns FALSE
T1490 025:248.136 JLINK_IsHalted()
T1490 025:248.964 - 0.827ms returns FALSE
T1490 025:356.594 JLINK_IsHalted()
T1490 025:357.348 - 0.754ms returns FALSE
T1490 025:357.370 JLINK_IsHalted()
T1490 025:358.012 - 0.642ms returns FALSE
T1490 025:466.004 JLINK_IsHalted()
T1490 025:466.660 - 0.653ms returns FALSE
T1490 025:466.676 JLINK_IsHalted()
T1490 025:467.302 - 0.625ms returns FALSE
T1490 025:575.598 JLINK_IsHalted()
T1490 025:576.178 - 0.578ms returns FALSE
T1490 025:576.192 JLINK_IsHalted()
T1490 025:576.712 - 0.520ms returns FALSE
T1490 025:684.798 JLINK_IsHalted()
T1490 025:685.678 - 0.879ms returns FALSE
T1490 025:685.700 JLINK_IsHalted()
T1490 025:686.460 - 0.757ms returns FALSE
T1490 025:794.348 JLINK_IsHalted()
T1490 025:794.862 - 0.514ms returns FALSE
T1490 025:794.868 JLINK_IsHalted()
T1490 025:795.596 - 0.724ms returns FALSE
T1490 025:903.532 JLINK_IsHalted()
T1490 025:904.286 - 0.753ms returns FALSE
T1490 025:904.298 JLINK_IsHalted()
T1490 025:905.046 - 0.747ms returns FALSE
T1490 026:013.382 JLINK_IsHalted()
T1490 026:014.056 - 0.672ms returns FALSE
T1490 026:014.074 JLINK_IsHalted()
T1490 026:014.636 - 0.560ms returns FALSE
T1490 026:122.660 JLINK_IsHalted()
T1490 026:123.202 - 0.541ms returns FALSE
T1490 026:123.222 JLINK_IsHalted()
T1490 026:123.748 - 0.526ms returns FALSE
T33C4 026:134.320 JLINK_IsHalted()
T33C4 026:134.850 - 0.529ms returns FALSE
T33C4 026:134.858 JLINK_IsHalted()
T33C4 026:135.446 - 0.589ms returns FALSE
T1490 026:232.210 JLINK_IsHalted()
T1490 026:232.808 - 0.597ms returns FALSE
T1490 026:232.820 JLINK_IsHalted()
T1490 026:233.390 - 0.570ms returns FALSE
T1490 026:341.280 JLINK_IsHalted()
T1490 026:341.826 - 0.543ms returns FALSE
T1490 026:341.844 JLINK_IsHalted()
T1490 026:342.404 - 0.560ms returns FALSE
T1490 026:450.404 JLINK_IsHalted()
T1490 026:451.042 - 0.637ms returns FALSE
T1490 026:451.060 JLINK_IsHalted()
T1490 026:451.598 - 0.537ms returns FALSE
T1490 026:560.146 JLINK_IsHalted()
T1490 026:560.662 - 0.516ms returns FALSE
T1490 026:560.672 JLINK_IsHalted()
T1490 026:561.218 - 0.546ms returns FALSE
T1490 026:668.950 JLINK_IsHalted()
T1490 026:669.552 - 0.601ms returns FALSE
T1490 026:669.572 JLINK_IsHalted()
T1490 026:670.148 - 0.571ms returns FALSE
T1490 026:778.228 JLINK_IsHalted()
T1490 026:778.808 - 0.578ms returns FALSE
T1490 026:778.822 JLINK_IsHalted()
T1490 026:779.386 - 0.562ms returns FALSE
T1490 026:888.006 JLINK_IsHalted()
T1490 026:888.726 - 0.719ms returns FALSE
T1490 026:888.748 JLINK_IsHalted()
T1490 026:889.312 - 0.543ms returns FALSE
T1490 026:996.852 JLINK_IsHalted()
T1490 026:997.380 - 0.528ms returns FALSE
T1490 026:997.414 JLINK_IsHalted()
T1490 026:997.946 - 0.529ms returns FALSE
T1490 027:107.024 JLINK_IsHalted()
T1490 027:107.612 - 0.589ms returns FALSE
T1490 027:107.626 JLINK_IsHalted()
T1490 027:108.204 - 0.578ms returns FALSE
T33C4 027:136.340 JLINK_IsHalted()
T33C4 027:136.922 - 0.577ms returns FALSE
T33C4 027:136.944 JLINK_IsHalted()
T33C4 027:137.510 - 0.563ms returns FALSE
T1490 027:215.770 JLINK_IsHalted()
T1490 027:216.502 - 0.731ms returns FALSE
T1490 027:216.540 JLINK_IsHalted()
T1490 027:217.104 - 0.562ms returns FALSE
T1490 027:325.724 JLINK_IsHalted()
T1490 027:326.348 - 0.622ms returns FALSE
T1490 027:326.362 JLINK_IsHalted()
T1490 027:327.044 - 0.680ms returns FALSE
T1490 027:434.932 JLINK_IsHalted()
T1490 027:435.702 - 0.769ms returns FALSE
T1490 027:435.708 JLINK_IsHalted()
T1490 027:436.208 - 0.501ms returns FALSE
T1490 027:544.490 JLINK_IsHalted()
T1490 027:545.028 - 0.537ms returns FALSE
T1490 027:545.046 JLINK_IsHalted()
T1490 027:545.590 - 0.543ms returns FALSE
T1490 027:653.516 JLINK_IsHalted()
T1490 027:654.132 - 0.610ms returns FALSE
T1490 027:654.160 JLINK_IsHalted()
T1490 027:654.732 - 0.572ms returns FALSE
T1490 027:762.422 JLINK_IsHalted()
T1490 027:763.014 - 0.591ms returns FALSE
T1490 027:763.050 JLINK_IsHalted()
T1490 027:763.622 - 0.575ms returns FALSE
T1490 027:872.444 JLINK_IsHalted()
T1490 027:873.210 - 0.760ms returns FALSE
T1490 027:873.232 JLINK_IsHalted()
T1490 027:873.910 - 0.679ms returns FALSE
T1490 027:981.516 JLINK_IsHalted()
T1490 027:982.316 - 0.798ms returns FALSE
T1490 027:982.330 JLINK_IsHalted()
T1490 027:982.806 - 0.478ms returns FALSE
T1490 028:091.372 JLINK_IsHalted()
T1490 028:092.052 - 0.678ms returns FALSE
T1490 028:092.068 JLINK_IsHalted()
T1490 028:092.656 - 0.586ms returns FALSE
T33C4 028:137.568 JLINK_IsHalted()
T33C4 028:138.288 - 0.717ms returns FALSE
T33C4 028:138.308 JLINK_IsHalted()
T33C4 028:139.092 - 0.780ms returns FALSE
T1490 028:200.212 JLINK_IsHalted()
T1490 028:201.258 - 1.047ms returns FALSE
T1490 028:201.312 JLINK_IsHalted()
T1490 028:202.004 - 0.691ms returns FALSE
T1490 028:310.036 JLINK_IsHalted()
T1490 028:310.646 - 0.610ms returns FALSE
T1490 028:310.660 JLINK_IsHalted()
T1490 028:311.360 - 0.698ms returns FALSE
T1490 028:419.142 JLINK_IsHalted()
T1490 028:419.754 - 0.610ms returns FALSE
T1490 028:419.760 JLINK_IsHalted()
T1490 028:420.284 - 0.524ms returns FALSE
T1490 028:528.848 JLINK_IsHalted()
T1490 028:529.546 - 0.696ms returns FALSE
T1490 028:529.556 JLINK_IsHalted()
T1490 028:530.224 - 0.665ms returns FALSE
T1490 028:638.394 JLINK_IsHalted()
T1490 028:639.018 - 0.624ms returns FALSE
T1490 028:639.046 JLINK_IsHalted()
T1490 028:639.622 - 0.576ms returns FALSE
T1490 028:747.652 JLINK_IsHalted()
T1490 028:748.326 - 0.674ms returns FALSE
T1490 028:748.342 JLINK_IsHalted()
T1490 028:748.970 - 0.626ms returns FALSE
T1490 028:856.342 JLINK_IsHalted()
T1490 028:857.072 - 0.729ms returns FALSE
T1490 028:857.120 JLINK_IsHalted()
T1490 028:858.052 - 0.930ms returns FALSE
T1490 028:966.432 JLINK_IsHalted()
T1490 028:967.148 - 0.717ms returns FALSE
T1490 028:967.164 JLINK_IsHalted()
T1490 028:967.782 - 0.616ms returns FALSE
T1490 029:075.356 JLINK_IsHalted()
T1490 029:076.096 - 0.737ms returns FALSE
T1490 029:076.122 JLINK_IsHalted()
T1490 029:076.726 - 0.603ms returns FALSE
T33C4 029:139.916 JLINK_IsHalted()
T33C4 029:140.496 - 0.578ms returns FALSE
T33C4 029:140.532 JLINK_IsHalted()
T33C4 029:141.034 - 0.500ms returns FALSE
T1490 029:184.660 JLINK_IsHalted()
T1490 029:185.308 - 0.645ms returns FALSE
T1490 029:185.338 JLINK_IsHalted()
T1490 029:185.968 - 0.629ms returns FALSE
T1490 029:294.620 JLINK_IsHalted()
T1490 029:295.276 - 0.654ms returns FALSE
T1490 029:295.300 JLINK_IsHalted()
T1490 029:295.818 - 0.515ms returns FALSE
T1490 029:403.808 JLINK_IsHalted()
T1490 029:404.358 - 0.545ms returns FALSE
T1490 029:404.372 JLINK_IsHalted()
T1490 029:404.896 - 0.526ms returns FALSE
T1490 029:512.516 JLINK_IsHalted()
T1490 029:513.068 - 0.552ms returns FALSE
T1490 029:513.084 JLINK_IsHalted()
T1490 029:513.664 - 0.578ms returns FALSE
T1490 029:622.592 JLINK_IsHalted()
T1490 029:623.124 - 0.531ms returns FALSE
T1490 029:623.132 JLINK_IsHalted()
T1490 029:623.690 - 0.554ms returns FALSE
T1490 029:731.328 JLINK_IsHalted()
T1490 029:731.866 - 0.537ms returns FALSE
T1490 029:731.904 JLINK_IsHalted()
T1490 029:732.452 - 0.547ms returns FALSE
T1490 029:841.180 JLINK_IsHalted()
T1490 029:841.734 - 0.560ms returns FALSE
T1490 029:841.766 JLINK_IsHalted()
T1490 029:842.332 - 0.567ms returns FALSE
T1490 029:950.524 JLINK_IsHalted()
T1490 029:951.108 - 0.580ms returns FALSE
T1490 029:951.130 JLINK_IsHalted()
T1490 029:951.868 - 0.737ms returns FALSE
T1490 030:059.366 JLINK_IsHalted()
T1490 030:059.888 - 0.521ms returns FALSE
T1490 030:059.898 JLINK_IsHalted()
T1490 030:060.444 - 0.548ms returns FALSE
T33C4 030:140.486 JLINK_IsHalted()
T33C4 030:141.110 - 0.623ms returns FALSE
T33C4 030:141.132 JLINK_IsHalted()
T33C4 030:141.642 - 0.509ms returns FALSE
T1490 030:169.360 JLINK_IsHalted()
T1490 030:169.964 - 0.604ms returns FALSE
T1490 030:169.994 JLINK_IsHalted()
T1490 030:170.496 - 0.501ms returns FALSE
T1490 030:278.406 JLINK_IsHalted()
T1490 030:279.222 - 0.815ms returns FALSE
T1490 030:279.270 JLINK_IsHalted()
T1490 030:280.042 - 0.773ms returns FALSE
T1490 030:388.310 JLINK_IsHalted()
T1490 030:389.136 - 0.824ms returns FALSE
T1490 030:389.228 JLINK_IsHalted()
T1490 030:389.980 - 0.751ms returns FALSE
T1490 030:497.392 JLINK_IsHalted()
T1490 030:498.134 - 0.742ms returns FALSE
T1490 030:498.140 JLINK_IsHalted()
T1490 030:498.848 - 0.706ms returns FALSE
T1490 030:606.732 JLINK_IsHalted()
T1490 030:607.340 - 0.608ms returns FALSE
T1490 030:607.356 JLINK_IsHalted()
T1490 030:607.932 - 0.574ms returns FALSE
T1490 030:716.198 JLINK_IsHalted()
T1490 030:716.762 - 0.563ms returns FALSE
T1490 030:716.780 JLINK_IsHalted()
T1490 030:717.354 - 0.572ms returns FALSE
T1490 030:825.926 JLINK_IsHalted()
T1490 030:826.502 - 0.575ms returns FALSE
T1490 030:826.516 JLINK_IsHalted()
T1490 030:827.056 - 0.541ms returns FALSE
T1490 030:935.178 JLINK_IsHalted()
T1490 030:935.782 - 0.602ms returns FALSE
T1490 030:935.792 JLINK_IsHalted()
T1490 030:936.388 - 0.593ms returns FALSE
T1490 031:044.268 JLINK_IsHalted()
T1490 031:044.950 - 0.680ms returns FALSE
T1490 031:044.960 JLINK_IsHalted()
T1490 031:045.674 - 0.713ms returns FALSE
T33C4 031:141.846 JLINK_IsHalted()
T33C4 031:142.372 - 0.522ms returns FALSE
T33C4 031:142.384 JLINK_IsHalted()
T33C4 031:142.960 - 0.576ms returns FALSE
T1490 031:153.220 JLINK_IsHalted()
T1490 031:153.984 - 0.763ms returns FALSE
T1490 031:153.994 JLINK_IsHalted()
T1490 031:154.682 - 0.687ms returns FALSE
T1490 031:262.804 JLINK_IsHalted()
T1490 031:263.616 - 0.811ms returns FALSE
T1490 031:263.644 JLINK_IsHalted()
T1490 031:264.410 - 0.765ms returns FALSE
T1490 031:372.582 JLINK_IsHalted()
T1490 031:373.302 - 0.715ms returns FALSE
T1490 031:373.322 JLINK_IsHalted()
T1490 031:373.916 - 0.594ms returns FALSE
T1490 031:481.408 JLINK_IsHalted()
T1490 031:482.220 - 0.811ms returns FALSE
T1490 031:482.236 JLINK_IsHalted()
T1490 031:482.922 - 0.683ms returns FALSE
T1490 031:591.574 JLINK_IsHalted()
T1490 031:592.432 - 0.857ms returns FALSE
T1490 031:592.464 JLINK_IsHalted()
T1490 031:593.190 - 0.724ms returns FALSE
T1490 031:700.432 JLINK_IsHalted()
T1490 031:701.094 - 0.660ms returns FALSE
T1490 031:701.130 JLINK_IsHalted()
T1490 031:701.722 - 0.591ms returns FALSE
T1490 031:809.328 JLINK_IsHalted()
T1490 031:809.860 - 0.530ms returns FALSE
T1490 031:809.914 JLINK_IsHalted()
T1490 031:810.416 - 0.503ms returns FALSE
T1490 031:919.264 JLINK_IsHalted()
T1490 031:919.952 - 0.687ms returns FALSE
T1490 031:919.964 JLINK_IsHalted()
T1490 031:920.484 - 0.519ms returns FALSE
T1490 032:028.220 JLINK_IsHalted()
T1490 032:029.388 - 1.165ms returns FALSE
T1490 032:029.436 JLINK_IsHalted()
T1490 032:030.202 - 0.762ms returns FALSE
T1490 032:137.750 JLINK_IsHalted()
T1490 032:138.364 - 0.613ms returns FALSE
T1490 032:138.400 JLINK_IsHalted()
T1490 032:139.226 - 0.827ms returns FALSE
T33C4 032:143.494 JLINK_IsHalted()
T33C4 032:144.180 - 0.684ms returns FALSE
T33C4 032:144.202 JLINK_IsHalted()
T33C4 032:144.928 - 0.725ms returns FALSE
T1490 032:247.260 JLINK_IsHalted()
T1490 032:247.964 - 0.702ms returns FALSE
T1490 032:247.972 JLINK_IsHalted()
T1490 032:248.540 - 0.568ms returns FALSE
T1490 032:356.540 JLINK_IsHalted()
T1490 032:357.162 - 0.622ms returns FALSE
T1490 032:357.168 JLINK_IsHalted()
T1490 032:357.820 - 0.653ms returns FALSE
T1490 032:465.612 JLINK_IsHalted()
T1490 032:466.374 - 0.758ms returns FALSE
T1490 032:466.406 JLINK_IsHalted()
T1490 032:467.084 - 0.677ms returns FALSE
T1490 032:575.392 JLINK_IsHalted()
T1490 032:576.048 - 0.655ms returns FALSE
T1490 032:576.058 JLINK_IsHalted()
T1490 032:576.652 - 0.596ms returns FALSE
T1490 032:684.612 JLINK_IsHalted()
T1490 032:685.396 - 0.781ms returns FALSE
T1490 032:685.418 JLINK_IsHalted()
T1490 032:685.996 - 0.577ms returns FALSE
T1490 032:794.170 JLINK_IsHalted()
T1490 032:795.014 - 0.842ms returns FALSE
T1490 032:795.036 JLINK_IsHalted()
T1490 032:795.932 - 0.895ms returns FALSE
T1490 032:903.462 JLINK_IsHalted()
T1490 032:904.156 - 0.691ms returns FALSE
T1490 032:904.166 JLINK_IsHalted()
T1490 032:904.928 - 0.759ms returns FALSE
T1490 033:012.892 JLINK_IsHalted()
T1490 033:013.542 - 0.648ms returns FALSE
T1490 033:013.548 JLINK_IsHalted()
T1490 033:014.172 - 0.623ms returns FALSE
T1490 033:122.784 JLINK_IsHalted()
T1490 033:123.478 - 0.690ms returns FALSE
T1490 033:123.508 JLINK_IsHalted()
T1490 033:124.132 - 0.621ms returns FALSE
T33C4 033:145.846 JLINK_IsHalted()
T33C4 033:146.540 - 0.692ms returns FALSE
T33C4 033:146.570 JLINK_IsHalted()
T33C4 033:147.162 - 0.590ms returns FALSE
T1490 033:231.632 JLINK_IsHalted()
T1490 033:232.256 - 0.623ms returns FALSE
T1490 033:232.268 JLINK_IsHalted()
T1490 033:232.844 - 0.576ms returns FALSE
T1490 033:341.580 JLINK_IsHalted()
T1490 033:342.284 - 0.704ms returns FALSE
T1490 033:342.316 JLINK_IsHalted()
T1490 033:342.928 - 0.609ms returns FALSE
T1490 033:450.224 JLINK_IsHalted()
T1490 033:450.954 - 0.728ms returns FALSE
T1490 033:450.970 JLINK_IsHalted()
T1490 033:451.622 - 0.651ms returns FALSE
T1490 033:559.380 JLINK_IsHalted()
T1490 033:560.240 - 0.861ms returns FALSE
T1490 033:560.248 JLINK_IsHalted()
T1490 033:561.160 - 0.909ms returns FALSE
T1490 033:668.688 JLINK_IsHalted()
T1490 033:669.204 - 0.512ms returns FALSE
T1490 033:669.208 JLINK_IsHalted()
T1490 033:669.748 - 0.542ms returns FALSE
T1490 033:778.964 JLINK_IsHalted()
T1490 033:779.636 - 0.672ms returns FALSE
T1490 033:779.640 JLINK_IsHalted()
T1490 033:780.312 - 0.668ms returns FALSE
T1490 033:887.880 JLINK_IsHalted()
T1490 033:888.592 - 0.710ms returns FALSE
T1490 033:888.596 JLINK_IsHalted()
T1490 033:889.328 - 0.731ms returns FALSE
T1490 033:997.312 JLINK_IsHalted()
T1490 033:997.996 - 0.681ms returns FALSE
T1490 033:998.012 JLINK_IsHalted()
T1490 033:998.720 - 0.705ms returns FALSE
T1490 034:106.304 JLINK_IsHalted()
T1490 034:107.084 - 0.774ms returns FALSE
T1490 034:107.148 JLINK_IsHalted()
T1490 034:107.892 - 0.741ms returns FALSE
T33C4 034:147.040 JLINK_IsHalted()
T33C4 034:147.736 - 0.697ms returns FALSE
T33C4 034:147.756 JLINK_IsHalted()
T33C4 034:148.404 - 0.645ms returns FALSE
T1490 034:215.624 JLINK_IsHalted()
T1490 034:216.304 - 0.678ms returns FALSE
T1490 034:216.312 JLINK_IsHalted()
T1490 034:216.908 - 0.594ms returns FALSE
T1490 034:325.848 JLINK_IsHalted()
T1490 034:326.612 - 0.761ms returns FALSE
T1490 034:326.636 JLINK_IsHalted()
T1490 034:327.288 - 0.651ms returns FALSE
T1490 034:434.576 JLINK_IsHalted()
T1490 034:435.432 - 0.855ms returns FALSE
T1490 034:435.448 JLINK_IsHalted()
T1490 034:436.332 - 0.879ms returns FALSE
T1490 034:544.552 JLINK_IsHalted()
T1490 034:545.224 - 0.671ms returns FALSE
T1490 034:545.260 JLINK_IsHalted()
T1490 034:545.976 - 0.717ms returns FALSE
T1490 034:653.752 JLINK_IsHalted()
T1490 034:654.412 - 0.661ms returns FALSE
T1490 034:654.424 JLINK_IsHalted()
T1490 034:654.948 - 0.524ms returns FALSE
T1490 034:762.440 JLINK_IsHalted()
T1490 034:763.064 - 0.617ms returns FALSE
T1490 034:763.096 JLINK_IsHalted()
T1490 034:763.668 - 0.571ms returns FALSE
T1490 034:872.228 JLINK_IsHalted()
T1490 034:872.800 - 0.573ms returns FALSE
T1490 034:872.824 JLINK_IsHalted()
T1490 034:873.372 - 0.550ms returns FALSE
T1490 034:982.152 JLINK_IsHalted()
T1490 034:982.740 - 0.585ms returns FALSE
T1490 034:982.760 JLINK_IsHalted()
T1490 034:983.340 - 0.577ms returns FALSE
T1490 035:091.424 JLINK_IsHalted()
T1490 035:092.020 - 0.593ms returns FALSE
T1490 035:092.032 JLINK_IsHalted()
T1490 035:092.632 - 0.597ms returns FALSE
T33C4 035:149.536 JLINK_IsHalted()
T33C4 035:150.312 - 0.774ms returns FALSE
T33C4 035:150.360 JLINK_IsHalted()
T33C4 035:151.092 - 0.734ms returns FALSE
T1490 035:200.072 JLINK_IsHalted()
T1490 035:200.796 - 0.724ms returns FALSE
T1490 035:200.808 JLINK_IsHalted()
T1490 035:201.476 - 0.663ms returns FALSE
T1490 035:309.288 JLINK_IsHalted()
T1490 035:309.876 - 0.583ms returns FALSE
T1490 035:309.884 JLINK_IsHalted()
T1490 035:310.372 - 0.486ms returns FALSE
T1490 035:419.600 JLINK_IsHalted()
T1490 035:420.364 - 0.762ms returns FALSE
T1490 035:420.380 JLINK_IsHalted()
T1490 035:421.000 - 0.622ms returns FALSE
T1490 035:528.068 JLINK_IsHalted()
T1490 035:528.600 - 0.530ms returns FALSE
T1490 035:528.616 JLINK_IsHalted()
T1490 035:529.084 - 0.469ms returns FALSE
T1490 035:638.204 JLINK_IsHalted()
T1490 035:638.920 - 0.713ms returns FALSE
T1490 035:638.932 JLINK_IsHalted()
T1490 035:639.592 - 0.658ms returns FALSE
T1490 035:747.164 JLINK_IsHalted()
T1490 035:747.932 - 0.767ms returns FALSE
T1490 035:747.952 JLINK_IsHalted()
T1490 035:748.616 - 0.659ms returns FALSE
T0A78 036:334.744 JLINK_Halt()
T0A78 036:341.084 - 6.342ms returns 0x00
T0A78 036:341.116 JLINK_ReadReg(XPSR)
T0A78 036:341.604   CPU_ReadMem(4 bytes @ 0xE000EE08)
T0A78 036:342.252 - 1.136ms returns 0x69000000
T0A78 036:350.352 JLINK_Close()
T0A78 036:365.332 - 14.978ms
T0A78 036:365.344   
T0A78 036:365.348   Closed
