T4074 000:000.272   SEGGER J-Link V7.96j Log File
T4074 000:000.345   DLL Compiled: May 29 2024 15:36:36
T4074 000:000.349   Logging started @ 2024-10-04 23:26
T4074 000:000.352   Process: C:\Users\admin\.eclipse\com.renesas.platform_311883101\DebugComp\RA\e2-server-gdb.exe
T4074 000:000.356 - 0.355ms
T4074 000:000.363 JLINK_GetDLLVersion()
T4074 000:000.367 - 0.003ms returns 79610
T4074 000:000.775 JLINK_OpenEx(...)
T4074 000:004.495   Firmware: J-Link OB-S124 compiled Apr 23 2024 10:48:24
T4074 000:005.587   Firmware: J-Link OB-S124 compiled Apr 23 2024 10:48:24
T4074 000:030.022   Hardware: V1.00
T4074 000:030.038   S/N: 831186127
T4074 000:030.042   OEM: SEGGER
T4074 000:030.048   Feature(s): None
T4074 000:030.995   Bootloader: 2019 Oct 15
T4074 000:031.949   USB speed mode: Full speed (12 MBit/s)
T4074 000:032.580   TELNET listener socket opened on port 19021
T4074 000:032.677   WEBSRV WEBSRV_Init(): Starting webserver thread(s)
T4074 000:032.802   WEBSRV Webserver running on local port 19080
T4074 000:032.868   Looking for J-Link GUI Server exe at: C:\Users\admin\.eclipse\com.renesas.platform_311883101\DebugComp\RA\ARM\Segger_v7.96.10\JLinkGUIServer.exe
T4074 000:032.971   Looking for J-Link GUI Server exe at: \JLinkGUIServer.exe
T4074 000:341.466   Failed to connect to J-Link GUI Server.
T4074 000:341.509 - 340.732ms returns "O.K."
T4074 000:341.577 JLINK_ExecCommand("ProjectFile=D:\KySuBachKhoa\CongNgheIOT\OnGK_IOT\PrintDataTeraTermUART/PrintDataTeraTermUART Debug_Flat.jlink", ...). 
T4074 000:354.541 - 12.964ms returns 0x00
T4074 000:354.828 JLINK_ExecCommand("device=R7FA6M5BH", ...). 
T4074 000:355.639   Flash bank @ 0x0100A100: SFL: Parsing sectorization info from ELF file
T4074 000:355.649     FlashDevice.SectorInfo[0]: .SectorSize = 0x00000010, .SectorStartAddr = 0x00000000
T4074 000:355.653   FlashBank @0x0100A100: Sectorization info from SFL ELF file ignored because sectorization override from DLL / XML file is active.
T4074 000:355.985   Flash bank @ 0x60000000: SFL: Parsing sectorization info from ELF file
T4074 000:355.992     FlashDevice.SectorInfo[0]: .SectorSize = 0x00010000, .SectorStartAddr = 0x00000000
T4074 000:358.815   Device "R7FA6M5BH" selected.
T4074 000:358.998 - 4.163ms returns 0x00
T4074 000:359.007 JLINK_TIF_GetAvailable(...)
T4074 000:359.345 - 0.339ms
T4074 000:359.357 JLINK_TIF_Select(JLINKARM_TIF_SWD)
T4074 000:360.513 - 1.155ms returns 0x00
T4074 000:360.522 JLINK_SetSpeed(4000)
T4074 000:360.740 - 0.220ms
T4074 000:360.751 JLINK_ReadMem(0xE000EDF0, 0x4 Bytes, ...)
T4074 000:360.985   ConfigTargetSettings() start
T4074 000:360.990    J-Link Script File: Executing ConfigTargetSettings()
T4074 000:360.996   Configuring FlashDLNoRMWThreshold=0x200 in order to make sure that option bytes programming is done via read-modify-write
T4074 000:372.879   ConfigTargetSettings() end - Took 11.8ms
T4074 000:372.892   InitTarget() start
T4074 000:372.897    J-Link Script File: Executing InitTarget()
T4074 000:372.902   SWD selected. Executing JTAG -> SWD switching sequence.
T4074 000:376.326   DAP initialized successfully.
T4074 000:376.335   Determining TrustZone configuration...
T4074 000:378.378     Secure Debug: Enabled (SSD)
T4074 000:378.388   Determining currently configured transfer type by reading the AHB-AP CSW register.
T4074 000:380.090     --> Correct transfer type configured. Done.
T4074 000:380.098   InitTarget() end - Took 7.20ms
T4074 000:381.322   Found SW-DP with ID 0x6BA02477
T4074 000:385.426   DPIDR: 0x6BA02477
T4074 000:385.470   CoreSight SoC-400 or earlier
T4074 000:385.475   Scanning AP map to find all available APs
T4074 000:387.390   AP[2]: Stopped AP scan as end of AP map has been reached
T4074 000:387.403   AP[0]: AHB-AP (IDR: 0x84770001)
T4074 000:387.407   AP[1]: APB-AP (IDR: 0x54770002)
T4074 000:387.411   Iterating through AP map to find AHB-AP to use
T4074 000:389.077   AP[0]: Core found
T4074 000:389.116   AP[0]: AHB-AP ROM base: 0xE00FE000
T4074 000:389.878   CPUID register: 0x410FD214. Implementer code: 0x41 (ARM)
T4074 000:389.904   Feature set: Mainline
T4074 000:390.740   Cache: No cache
T4074 000:390.745   Found Cortex-M33 r0p4, Little endian.
T4074 000:391.351   -- Max. mem block: 0x00001960
T4074 000:392.955   CPU_ReadMem(4 bytes @ 0xE000EDF0)
T4074 000:393.917   CPU_ReadMem(4 bytes @ 0xE0002000)
T4074 000:394.432   FPUnit: 8 code (BP) slots and 0 literal slots
T4074 000:394.438   CPU_ReadMem(4 bytes @ 0xE000EDFC)
T4074 000:395.053   CPU_ReadMem(4 bytes @ 0xE0001000)
T4074 000:395.665   CPU_ReadMem(4 bytes @ 0xE0001000)
T4074 000:396.253   CPU_ReadMem(4 bytes @ 0xE0001028)
T4074 000:396.964   CPU_ReadMem(4 bytes @ 0xE0001038)
T4074 000:397.688   CPU_ReadMem(4 bytes @ 0xE0001048)
T4074 000:398.278   CPU_ReadMem(4 bytes @ 0xE0001058)
T4074 000:399.020   CPU_WriteMem(4 bytes @ 0xE0001000)
T4074 000:399.672   CPU_ReadMem(4 bytes @ 0xE000ED88)
T4074 000:400.330   CPU_WriteMem(4 bytes @ 0xE000ED88)
T4074 000:401.010   CPU_ReadMem(4 bytes @ 0xE000ED88)
T4074 000:401.601   CPU_WriteMem(4 bytes @ 0xE000ED88)
T4074 000:402.251   CPU_ReadMem(4 bytes @ 0xE000EFB8)
T4074 000:403.051   Security extension: implemented
T4074 000:403.072   Secure debug: enabled
T4074 000:403.078   CoreSight components:
T4074 000:403.083   ROMTbl[0] @ E00FE000
T4074 000:403.090   CPU_ReadMem(64 bytes @ 0xE00FE000)
T4074 000:404.512   CPU_ReadMem(32 bytes @ 0xE0044FE0)
T4074 000:405.529   CPU_ReadMem(4 bytes @ 0xE0044FBC)
T4074 000:406.183   CPU_ReadMem(4 bytes @ 0xE0044FCC)
T4074 000:406.836   [0][0]: E0044000 CID B105900D PID 005BB906 DEVARCH 00000000 DEVTYPE 14 CTI (?)
T4074 000:406.866   CPU_ReadMem(32 bytes @ 0xE0047FE0)
T4074 000:407.824   CPU_ReadMem(4 bytes @ 0xE0047FBC)
T4074 000:408.478   CPU_ReadMem(4 bytes @ 0xE0047FCC)
T4074 000:409.299   [0][1]: E0047000 CID B105900D PID 003BB908 DEVARCH 00000000 DEVTYPE 12 CSTF
T4074 000:409.318   CPU_ReadMem(32 bytes @ 0xE0048FE0)
T4074 000:410.410   CPU_ReadMem(4 bytes @ 0xE0048FBC)
T4074 000:411.013   CPU_ReadMem(4 bytes @ 0xE0048FCC)
T4074 000:411.632   [0][2]: E0048000 CID B105900D PID 001BB961 DEVARCH 00000000 DEVTYPE 21 ETB
T4074 000:411.645   CPU_ReadMem(32 bytes @ 0xE0049FE0)
T4074 000:412.626   [0][3]: E0049000 CID B105F00D PID 001BB101 TSG
T4074 000:412.646   CPU_ReadMem(32 bytes @ 0xE0040FE0)
T4074 000:413.673   CPU_ReadMem(4 bytes @ 0xE0040FBC)
T4074 000:414.310   CPU_ReadMem(4 bytes @ 0xE0040FCC)
T4074 000:414.934   [0][4]: E0040000 CID B105900D PID 000BBD21 DEVARCH 00000000 DEVTYPE 11 TPIU
T4074 000:414.957   CPU_ReadMem(32 bytes @ 0xE00FFFE0)
T4074 000:416.108   [0][5]: E00FF000 CID B105100D PID 000BB4C9 ROM Table
T4074 000:416.132   ROMTbl[1] @ E00FF000
T4074 000:416.141   CPU_ReadMem(64 bytes @ 0xE00FF000)
T4074 000:417.893   CPU_ReadMem(32 bytes @ 0xE000EFE0)
T4074 000:422.764   CPU_ReadMem(4 bytes @ 0xE000EFBC)
T4074 000:423.460   CPU_ReadMem(4 bytes @ 0xE000EFCC)
T4074 000:424.155   [1][0]: E000E000 CID B105900D PID 000BBD21 DEVARCH 47702A04 DEVTYPE 00 Cortex-M33
T4074 000:424.177   CPU_ReadMem(32 bytes @ 0xE0001FE0)
T4074 000:425.250   CPU_ReadMem(4 bytes @ 0xE0001FBC)
T4074 000:425.972   CPU_ReadMem(4 bytes @ 0xE0001FCC)
T4074 000:426.827   [1][1]: E0001000 CID B105900D PID 000BBD21 DEVARCH 47701A02 DEVTYPE 00 DWT
T4074 000:426.863   CPU_ReadMem(32 bytes @ 0xE0002FE0)
T4074 000:427.924   CPU_ReadMem(4 bytes @ 0xE0002FBC)
T4074 000:428.607   CPU_ReadMem(4 bytes @ 0xE0002FCC)
T4074 000:429.338   [1][2]: E0002000 CID B105900D PID 000BBD21 DEVARCH 47701A03 DEVTYPE 00 FPB
T4074 000:429.361   CPU_ReadMem(32 bytes @ 0xE0000FE0)
T4074 000:430.407   CPU_ReadMem(4 bytes @ 0xE0000FBC)
T4074 000:431.002   CPU_ReadMem(4 bytes @ 0xE0000FCC)
T4074 000:431.730   [1][3]: E0000000 CID B105900D PID 000BBD21 DEVARCH 47701A01 DEVTYPE 43 ITM
T4074 000:431.747   CPU_ReadMem(32 bytes @ 0xE0041FE0)
T4074 000:432.677   CPU_ReadMem(4 bytes @ 0xE0041FBC)
T4074 000:433.465   CPU_ReadMem(4 bytes @ 0xE0041FCC)
T4074 000:434.061   [1][5]: E0041000 CID B105900D PID 002BBD21 DEVARCH 47724A13 DEVTYPE 13 ETM
T4074 000:434.070   CPU_ReadMem(32 bytes @ 0xE0042FE0)
T4074 000:435.058   CPU_ReadMem(4 bytes @ 0xE0042FBC)
T4074 000:435.660   CPU_ReadMem(4 bytes @ 0xE0042FCC)
T4074 000:436.222   [1][6]: E0042000 CID B105900D PID 000BBD21 DEVARCH 47701A14 DEVTYPE 14 CSS600-CTI
T4074 000:436.285   CPU_ReadMem(4 bytes @ 0xE000EDF0)
T4074 000:437.002   Data:  03 00 13 00
T4074 000:437.020   Debug reg: DHCSR
T4074 000:437.029 - 76.277ms returns 0
T4074 000:437.055 JLINK_ReadMem(0x400E002C, 0x4 Bytes, ...)
T4074 000:437.068   CPU_ReadMem(4 bytes @ 0x400E002C)
T4074 000:437.991   Data:  02 00 00 00
T4074 000:438.015 - 0.959ms returns 0
T4074 000:438.071 JLINK_ReadMem(0xE000EDF0, 0x4 Bytes, ...)
T4074 000:438.085   CPU_ReadMem(4 bytes @ 0xE000EDF0)
T4074 000:438.680   Data:  03 00 13 00
T4074 000:438.691   Debug reg: DHCSR
T4074 000:438.699 - 0.628ms returns 0
T4074 000:438.722 JLINK_ReadMem(0xE000EDF0, 0x4 Bytes, ...)
T4074 000:438.731   CPU_ReadMem(4 bytes @ 0xE000EDF0)
T4074 000:439.338   Data:  03 00 13 00
T4074 000:439.354   Debug reg: DHCSR
T4074 000:439.362 - 0.641ms returns 0
T4074 000:439.371 JLINK_ReadMem(0x400E001C, 0x4 Bytes, ...)
T4074 000:439.378   CPU_ReadMem(4 bytes @ 0x400E001C)
T4074 000:440.093   Data:  00 1C 00 00
T4074 000:440.116 - 0.745ms returns 0
T4074 000:440.135 JLINK_ReadMem(0xE000EDF0, 0x4 Bytes, ...)
T4074 000:440.147   CPU_ReadMem(4 bytes @ 0xE000EDF0)
T4074 000:440.859   Data:  03 00 13 00
T4074 000:440.882   Debug reg: DHCSR
T4074 000:440.890 - 0.755ms returns 0
T4074 000:440.899 JLINK_ReadMem(0x400E0018, 0x4 Bytes, ...)
T4074 000:440.922   CPU_ReadMem(4 bytes @ 0x400E0018)
T4074 000:441.747   Data:  00 80 00 00
T4074 000:441.769 - 0.870ms returns 0
T4074 000:441.787 JLINK_ReadMem(0xE000EDF0, 0x4 Bytes, ...)
T4074 000:441.799   CPU_ReadMem(4 bytes @ 0xE000EDF0)
T4074 000:442.431   Data:  03 00 13 00
T4074 000:442.448   Debug reg: DHCSR
T4074 000:442.457 - 0.670ms returns 0
T4074 000:442.468 JLINK_ReadMem(0x400E0020, 0x4 Bytes, ...)
T4074 000:442.477   CPU_ReadMem(4 bytes @ 0x400E0020)
T4074 000:443.167   Data:  00 00 00 00
T4074 000:443.185 - 0.716ms returns 0
T4074 000:443.200 JLINK_ReadMem(0xE000EDF0, 0x4 Bytes, ...)
T4074 000:443.211   CPU_ReadMem(4 bytes @ 0xE000EDF0)
T4074 000:443.898   Data:  03 00 13 00
T4074 000:443.912   Debug reg: DHCSR
T4074 000:443.919 - 0.719ms returns 0
T4074 000:443.929 JLINK_ReadMem(0x400E0028, 0x4 Bytes, ...)
T4074 000:443.938   CPU_ReadMem(4 bytes @ 0x400E0028)
T4074 000:444.603   Data:  00 08 00 00
T4074 000:444.611 - 0.682ms returns 0
T4074 000:444.621 JLINK_ReadMem(0xE000EDF0, 0x4 Bytes, ...)
T4074 000:444.627   CPU_ReadMem(4 bytes @ 0xE000EDF0)
T4074 000:445.261   Data:  03 00 13 00
T4074 000:445.272   Debug reg: DHCSR
T4074 000:445.277 - 0.656ms returns 0
T4074 000:445.285 JLINK_ReadMem(0x400E0024, 0x4 Bytes, ...)
T4074 000:445.292   CPU_ReadMem(4 bytes @ 0x400E0024)
T4074 000:446.007   Data:  00 20 00 00
T4074 000:446.025 - 0.741ms returns 0
T4074 000:446.035 JLINK_ReadMem(0xE000EDF0, 0x4 Bytes, ...)
T4074 000:446.041   CPU_ReadMem(4 bytes @ 0xE000EDF0)
T4074 000:446.671   Data:  03 00 13 00
T4074 000:446.680   Debug reg: DHCSR
T4074 000:446.686 - 0.650ms returns 0
T4074 000:446.693 JLINK_ReadMem(0x400E002C, 0x4 Bytes, ...)
T4074 000:446.700   CPU_ReadMem(4 bytes @ 0x400E002C)
T4074 000:447.334   Data:  02 00 00 00
T4074 000:447.340 - 0.646ms returns 0
T4074 000:447.348 JLINK_ReadMem(0xE000EDF0, 0x4 Bytes, ...)
T4074 000:447.353   CPU_ReadMem(4 bytes @ 0xE000EDF0)
T4074 000:448.012   Data:  03 00 13 00
T4074 000:448.019   Debug reg: DHCSR
T4074 000:448.024 - 0.676ms returns 0
T4074 000:448.031 JLINK_ReadMem(0x400E002C, 0x4 Bytes, ...)
T4074 000:448.036   CPU_ReadMem(4 bytes @ 0x400E002C)
T4074 000:448.663   Data:  02 00 00 00
T4074 000:448.691 - 0.659ms returns 0
T4074 000:458.487 JLINK_Close()
T4074 000:474.787 - 16.298ms
T4074 000:474.828   
T4074 000:474.833   Closed
